<?xml version="1.0" encoding="UTF-8"?>
<testsuite name="org.jetbrains.research.cloneDetector.core.TreeClonesTest" tests="1" skipped="0" failures="0" errors="0" timestamp="2022-12-09T13:29:10" hostname="Konstantins-MacBook-Pro.local" time="3.14">
  <properties/>
  <testcase name="testClonesSize" classname="org.jetbrains.research.cloneDetector.core.TreeClonesTest" time="3.14"/>
  <system-out><![CDATA[Patching ThreadTracker was successful
]]></system-out>
  <system-err><![CDATA[log4j:WARN No appenders could be found for logger (#com.intellij.ide.plugins.PluginManager).
log4j:WARN Please initialize the log4j system properly.
log4j:WARN See http://logging.apache.org/log4j/1.2/faq.html#noconfig for more info.
SLF4J: Class path contains multiple SLF4J bindings.
SLF4J: Found binding in [jar:file:/Users/konstantingrotov/.gradle/caches/modules-2/files-2.1/com.jetbrains.intellij.idea/ideaIC/212.5080.55/fb8e0c8f941235e03802029fb64f458df3d2823c/ideaIC-212.5080.55/lib/slf4j.jar!/org/slf4j/impl/StaticLoggerBinder.class]
SLF4J: Found binding in [jar:file:/Users/konstantingrotov/.gradle/caches/modules-2/files-2.1/com.jetbrains.intellij.idea/ideaIC/212.5080.55/fb8e0c8f941235e03802029fb64f458df3d2823c/ideaIC-212.5080.55/plugins/maven/lib/maven36-server.jar!/org/slf4j/impl/StaticLoggerBinder.class]
SLF4J: Found binding in [jar:file:/Users/konstantingrotov/.gradle/caches/modules-2/files-2.1/org.apache.logging.log4j/log4j-slf4j-impl/2.17.0/1ec25ce0254749c94549ea9c3cea34bd0488c9c6/log4j-slf4j-impl-2.17.0.jar!/org/slf4j/impl/StaticLoggerBinder.class]
SLF4J: See http://www.slf4j.org/codes.html#multiple_bindings for an explanation.
SLF4J: Actual binding is of type [org.slf4j.impl.Log4jLoggerFactory]
]]></system-err>
</testsuite>
