<?xml version="1.0" encoding="UTF-8"?>
<testsuite name="org.jetbrains.research.cloneDetector.core.TreeClonesTest" tests="1" skipped="0" failures="0" errors="0" timestamp="2022-05-09T12:14:01" hostname="MacBook-Air-Konstantin.local" time="3.068">
  <properties/>
  <testcase name="testClonesSize" classname="org.jetbrains.research.cloneDetector.core.TreeClonesTest" time="3.068"/>
  <system-out><![CDATA[Patching ThreadTracker was successful
(1)
SimpleFile.py
CLONE INDEXER BEFORE SEQUENCE SIZE 34INDEXED PYTHON [PyStringLiteralExpression: , PsiWhiteSpace, PyTargetExpression: i, PyReferenceExpression: range, PyNumericLiteralExpression]
SEQUENCE org.jetbrains.research.cloneDetector.core.languagescope.python.PyIndexedSequence@50a1c78b
INDEXED PYTHON [PyStringLiteralExpression: , PsiWhiteSpace, PyTargetExpression: i, PyReferenceExpression: range, PyNumericLiteralExpression]
SEQUENCE AS LIST [Py:IDENTIFIER, Py:SINGLE_QUOTED_STRING, Py:IDENTIFIER, Py:IDENTIFIER, Py:INTEGER_LITERAL, Py:IDENTIFIER, Py:INTEGER_LITERAL, Py:IDENTIFIER, Py:SINGLE_QUOTED_STRING, Py:IDENTIFIER, Py:IDENTIFIER, Py:INTEGER_LITERAL, Py:IDENTIFIER, Py:INTEGER_LITERAL, Py:IDENTIFIER, Py:SINGLE_QUOTED_STRING, Py:IDENTIFIER, Py:IDENTIFIER, Py:INTEGER_LITERAL, Py:IDENTIFIER, Py:INTEGER_LITERAL, Py:IDENTIFIER, Py:SINGLE_QUOTED_STRING, Py:IDENTIFIER, Py:IDENTIFIER, Py:INTEGER_LITERAL, Py:IDENTIFIER, Py:INTEGER_LITERAL, Py:IDENTIFIER, Py:SINGLE_QUOTED_STRING] WITH LENGTH 30
CLONE INDEXER BEFORE SEQUENCE SIZE 34INDEXED PYTHON [PyStringLiteralExpression: , PsiWhiteSpace, PyTargetExpression: i, PyReferenceExpression: range, PyNumericLiteralExpression]
SEQUENCE org.jetbrains.research.cloneDetector.core.languagescope.python.PyIndexedSequence@30eb56a
INDEXED PYTHON [PyStringLiteralExpression: , PsiWhiteSpace, PyTargetExpression: i, PyReferenceExpression: range, PyNumericLiteralExpression]
SEQUENCE AS LIST [Py:IDENTIFIER, Py:SINGLE_QUOTED_STRING, Py:IDENTIFIER, Py:IDENTIFIER, Py:INTEGER_LITERAL, Py:IDENTIFIER, Py:INTEGER_LITERAL, Py:IDENTIFIER, Py:SINGLE_QUOTED_STRING, Py:IDENTIFIER, Py:IDENTIFIER, Py:INTEGER_LITERAL, Py:IDENTIFIER, Py:INTEGER_LITERAL, Py:IDENTIFIER, Py:SINGLE_QUOTED_STRING, Py:IDENTIFIER, Py:IDENTIFIER, Py:INTEGER_LITERAL, Py:IDENTIFIER, Py:INTEGER_LITERAL, Py:IDENTIFIER, Py:SINGLE_QUOTED_STRING, Py:IDENTIFIER, Py:IDENTIFIER, Py:INTEGER_LITERAL, Py:IDENTIFIER, Py:INTEGER_LITERAL, Py:IDENTIFIER, Py:SINGLE_QUOTED_STRING] WITH LENGTH 30
(2)
SimpleFile3.py
CLONE INDEXER BEFORE SEQUENCE SIZE 533INDEXED PYTHON [PyTargetExpression: patches, PsiWhiteSpace, PyReferenceExpression: numpy, PyTargetExpression: np, PsiWhiteSpace]
SEQUENCE org.jetbrains.research.cloneDetector.core.languagescope.python.PyIndexedSequence@6c20cd87
INDEXED PYTHON [PyTargetExpression: patches, PsiWhiteSpace, PyReferenceExpression: numpy, PyTargetExpression: np, PsiWhiteSpace]
SEQUENCE AS LIST [Py:IDENTIFIER, Py:IDENTIFIER, Py:IDENTIFIER, Py:IDENTIFIER, Py:IDENTIFIER, Py:IDENTIFIER, Py:IDENTIFIER, Py:IDENTIFIER, Py:IDENTIFIER, Py:IDENTIFIER, Py:IDENTIFIER, Py:IDENTIFIER, Py:IDENTIFIER, Py:IDENTIFIER, Py:IDENTIFIER, Py:IDENTIFIER, Py:IDENTIFIER, Py:IDENTIFIER, Py:IDENTIFIER, Py:IDENTIFIER, Py:IDENTIFIER, Py:IDENTIFIER, Py:IDENTIFIER, Py:IDENTIFIER, Py:IDENTIFIER, Py:IDENTIFIER, Py:IDENTIFIER, Py:IDENTIFIER, Py:LPAR, Py:IDENTIFIER, Py:IDENTIFIER, Py:IDENTIFIER, Py:IDENTIFIER, Py:LPAR, Py:IDENTIFIER, Py:IDENTIFIER, Py:IDENTIFIER, Py:IDENTIFIER, Py:IDENTIFIER, Py:IDENTIFIER, Py:LBRACKET, Py:IDENTIFIER, Py:IDENTIFIER, Py:IDENTIFIER, Py:IDENTIFIER, Py:IDENTIFIER, Py:IDENTIFIER, Py:IDENTIFIER, Py:INTEGER_LITERAL, Py:IDENTIFIER, Py:IDENTIFIER, Py:INTEGER_LITERAL, Py:IDENTIFIER, Py:IDENTIFIER, Py:IDENTIFIER, Py:IDENTIFIER, Py:IDENTIFIER, Py:IDENTIFIER, Py:IDENTIFIER, Py:IDENTIFIER, Py:IDENTIFIER, Py:LPAR, Py:IDENTIFIER, Py:IDENTIFIER, Py:IDENTIFIER, Py:IDENTIFIER, Py:LPAR, Py:IDENTIFIER, Py:IDENTIFIER, Py:IDENTIFIER, Py:IDENTIFIER, Py:IDENTIFIER, Py:IDENTIFIER, Py:LBRACKET, Py:IDENTIFIER, Py:IDENTIFIER, Py:IDENTIFIER, Py:IDENTIFIER, Py:IDENTIFIER, Py:IDENTIFIER, Py:IDENTIFIER, Py:INTEGER_LITERAL, Py:IDENTIFIER, Py:IDENTIFIER, Py:INTEGER_LITERAL, Py:IDENTIFIER, Py:IDENTIFIER, Py:IDENTIFIER, Py:IDENTIFIER, Py:IDENTIFIER, Py:IDENTIFIER, Py:IDENTIFIER, Py:IDENTIFIER, Py:IDENTIFIER, Py:IDENTIFIER, Py:LPAR, Py:IDENTIFIER, Py:IDENTIFIER, Py:IDENTIFIER, Py:IDENTIFIER, Py:IDENTIFIER, Py:IDENTIFIER, Py:INTEGER_LITERAL, Py:INTEGER_LITERAL, Py:IDENTIFIER, Py:INTEGER_LITERAL, Py:INTEGER_LITERAL, Py:IDENTIFIER, Py:INTEGER_LITERAL, Py:INTEGER_LITERAL, Py:IDENTIFIER, Py:INTEGER_LITERAL, Py:INTEGER_LITERAL, Py:IDENTIFIER, Py:INTEGER_LITERAL, Py:INTEGER_LITERAL, Py:IDENTIFIER, Py:INTEGER_LITERAL, Py:INTEGER_LITERAL, Py:FALSE_KEYWORD, Py:IDENTIFIER, Py:IDENTIFIER, Py:IDENTIFIER, Py:IDENTIFIER, Py:IDENTIFIER, Py:IDENTIFIER, Py:IDENTIFIER, Py:IDENTIFIER, Py:IDENTIFIER, Py:IDENTIFIER, Py:IDENTIFIER, Py:LPAR, Py:IDENTIFIER, Py:IDENTIFIER, Py:IDENTIFIER, Py:LPAR, Py:IDENTIFIER, Py:IDENTIFIER, Py:IDENTIFIER, Py:LPAR, Py:IDENTIFIER, Py:IDENTIFIER, Py:IDENTIFIER, Py:IDENTIFIER, Py:IDENTIFIER, Py:IDENTIFIER, Py:LBRACKET, Py:IDENTIFIER, Py:IDENTIFIER, Py:IDENTIFIER, Py:IDENTIFIER, Py:IDENTIFIER, Py:IDENTIFIER, Py:IDENTIFIER, Py:INTEGER_LITERAL, Py:IDENTIFIER, Py:IDENTIFIER, Py:INTEGER_LITERAL, Py:IDENTIFIER, Py:SINGLE_QUOTED_STRING, Py:IDENTIFIER, Py:SINGLE_QUOTED_STRING, Py:IDENTIFIER, Py:IDENTIFIER, Py:IDENTIFIER, Py:IDENTIFIER, Py:IDENTIFIER, Py:IDENTIFIER, Py:IDENTIFIER, Py:IDENTIFIER, Py:IDENTIFIER, Py:LBRACKET, Py:IDENTIFIER, Py:IDENTIFIER, Py:IDENTIFIER, Py:IDENTIFIER, Py:IDENTIFIER, Py:IDENTIFIER, Py:IDENTIFIER, Py:IDENTIFIER, Py:IDENTIFIER, Py:IDENTIFIER, Py:IDENTIFIER, Py:IDENTIFIER, Py:IDENTIFIER, Py:LPAR, Py:IDENTIFIER, Py:IDENTIFIER, Py:IDENTIFIER, Py:IDENTIFIER, Py:LPAR, Py:IDENTIFIER, Py:IDENTIFIER, Py:IDENTIFIER, Py:IDENTIFIER, Py:IDENTIFIER, Py:IDENTIFIER, Py:LBRACKET, Py:IDENTIFIER, Py:IDENTIFIER, Py:IDENTIFIER, Py:IDENTIFIER, Py:IDENTIFIER, Py:IDENTIFIER, Py:IDENTIFIER, Py:INTEGER_LITERAL, Py:IDENTIFIER, Py:IDENTIFIER, Py:INTEGER_LITERAL, Py:IDENTIFIER, Py:IDENTIFIER, Py:IDENTIFIER, Py:IDENTIFIER, Py:IDENTIFIER, Py:IDENTIFIER, Py:IDENTIFIER, Py:IDENTIFIER, Py:IDENTIFIER, Py:IDENTIFIER, Py:IDENTIFIER, Py:IDENTIFIER, Py:SINGLE_QUOTED_STRING, Py:IDENTIFIER, Py:IDENTIFIER, Py:IDENTIFIER, Py:IDENTIFIER, Py:IDENTIFIER, Py:SINGLE_QUOTED_STRING, Py:IDENTIFIER, Py:IDENTIFIER, Py:IDENTIFIER, Py:IDENTIFIER, Py:IDENTIFIER, Py:SINGLE_QUOTED_STRING, Py:IDENTIFIER, Py:IDENTIFIER, Py:IDENTIFIER, Py:IDENTIFIER, Py:LPAR, Py:INTEGER_LITERAL, Py:INTEGER_LITERAL, Py:IDENTIFIER, Py:IDENTIFIER, Py:IDENTIFIER, Py:IDENTIFIER, Py:LPAR, Py:INTEGER_LITERAL, Py:INTEGER_LITERAL, Py:IDENTIFIER, Py:IDENTIFIER, Py:IDENTIFIER, Py:IDENTIFIER, Py:IDENTIFIER, Py:IDENTIFIER, Py:IDENTIFIER, Py:IDENTIFIER, Py:IDENTIFIER, Py:IDENTIFIER, Py:SINGLE_QUOTED_STRING, Py:IDENTIFIER, Py:SINGLE_QUOTED_STRING, Py:IDENTIFIER, Py:INTEGER_LITERAL, Py:SINGLE_QUOTED_STRING, Py:SINGLE_QUOTED_STRING, Py:IDENTIFIER, Py:INTEGER_LITERAL, Py:SINGLE_QUOTED_STRING, Py:IDENTIFIER, Py:INTEGER_LITERAL, Py:SINGLE_QUOTED_STRING, Py:IDENTIFIER, Py:IDENTIFIER, Py:IDENTIFIER, Py:SINGLE_QUOTED_STRING, Py:IDENTIFIER, Py:SINGLE_QUOTED_STRING, Py:IDENTIFIER, Py:SINGLE_QUOTED_STRING, Py:IDENTIFIER, Py:SINGLE_QUOTED_STRING, Py:IDENTIFIER, Py:SINGLE_QUOTED_STRING, Py:IDENTIFIER, Py:IDENTIFIER, Py:IDENTIFIER, Py:IDENTIFIER, Py:DOCSTRING, Py:IDENTIFIER, Py:IDENTIFIER, Py:IDENTIFIER, Py:LPAR, Py:IDENTIFIER, Py:IDENTIFIER, Py:IDENTIFIER, Py:LPAR, Py:IDENTIFIER, Py:IDENTIFIER, Py:IDENTIFIER, Py:LPAR, Py:IDENTIFIER, Py:IDENTIFIER, Py:IDENTIFIER, Py:IDENTIFIER, Py:IDENTIFIER, Py:IDENTIFIER, Py:IDENTIFIER, Py:LPAR, Py:IDENTIFIER, Py:IDENTIFIER, Py:IDENTIFIER, Py:IDENTIFIER, Py:IDENTIFIER, Py:IDENTIFIER, Py:IDENTIFIER, Py:LPAR, Py:IDENTIFIER, Py:IDENTIFIER, Py:IDENTIFIER, Py:IDENTIFIER, Py:IDENTIFIER, Py:IDENTIFIER, Py:IDENTIFIER, Py:IDENTIFIER, Py:IDENTIFIER, Py:IDENTIFIER, Py:IDENTIFIER, Py:IDENTIFIER, Py:IDENTIFIER, Py:IDENTIFIER, Py:IDENTIFIER, Py:IDENTIFIER, Py:IDENTIFIER, Py:LBRACKET, Py:IDENTIFIER, Py:IDENTIFIER, Py:IDENTIFIER, Py:LPAR, Py:INTEGER_LITERAL, Py:LPAR, Py:IDENTIFIER, Py:LPAR, Py:INTEGER_LITERAL, Py:LPAR, Py:IDENTIFIER, Py:IDENTIFIER, Py:IDENTIFIER, Py:LPAR, Py:INTEGER_LITERAL, Py:LPAR, Py:IDENTIFIER, Py:LPAR, Py:INTEGER_LITERAL, Py:LPAR, Py:IDENTIFIER, Py:IDENTIFIER, Py:IDENTIFIER, Py:LPAR, Py:IDENTIFIER, Py:IDENTIFIER, Py:IDENTIFIER, Py:INTEGER_LITERAL, Py:INTEGER_LITERAL, Py:FLOAT_LITERAL, Py:IDENTIFIER, Py:IDENTIFIER, Py:INTEGER_LITERAL, Py:IDENTIFIER, Py:IDENTIFIER, Py:INTEGER_LITERAL, Py:IDENTIFIER, Py:IDENTIFIER, Py:INTEGER_LITERAL, Py:IDENTIFIER, Py:IDENTIFIER, Py:INTEGER_LITERAL, Py:IDENTIFIER, Py:IDENTIFIER, Py:IDENTIFIER, Py:IDENTIFIER, Py:IDENTIFIER, Py:INTEGER_LITERAL, Py:IDENTIFIER, Py:IDENTIFIER, Py:INTEGER_LITERAL, Py:IDENTIFIER, Py:IDENTIFIER, Py:INTEGER_LITERAL, Py:IDENTIFIER, Py:IDENTIFIER, Py:INTEGER_LITERAL, Py:IDENTIFIER, Py:IDENTIFIER, Py:IDENTIFIER, Py:IDENTIFIER, Py:LPAR, Py:INTEGER_LITERAL, Py:INTEGER_LITERAL, Py:IDENTIFIER, Py:LPAR, Py:INTEGER_LITERAL, Py:INTEGER_LITERAL, Py:IDENTIFIER, Py:INTEGER_LITERAL, Py:INTEGER_LITERAL, Py:IDENTIFIER, Py:INTEGER_LITERAL, Py:INTEGER_LITERAL, Py:IDENTIFIER, Py:IDENTIFIER, Py:IDENTIFIER, Py:IDENTIFIER, Py:IDENTIFIER, Py:IDENTIFIER, Py:IDENTIFIER, Py:IDENTIFIER, Py:IDENTIFIER, Py:SINGLE_QUOTED_STRING, Py:IDENTIFIER, Py:IDENTIFIER, Py:IDENTIFIER, Py:IDENTIFIER, Py:IDENTIFIER, Py:IDENTIFIER, Py:INTEGER_LITERAL, Py:SINGLE_QUOTED_STRING, Py:SINGLE_QUOTED_STRING, Py:IDENTIFIER, Py:IDENTIFIER, Py:IDENTIFIER, Py:IDENTIFIER, Py:IDENTIFIER, Py:SINGLE_QUOTED_STRING, Py:IDENTIFIER, Py:IDENTIFIER, Py:IDENTIFIER, Py:IDENTIFIER, Py:IDENTIFIER, Py:IDENTIFIER, Py:INTEGER_LITERAL, Py:SINGLE_QUOTED_STRING, Py:SINGLE_QUOTED_STRING, Py:IDENTIFIER, Py:IDENTIFIER, Py:IDENTIFIER, Py:IDENTIFIER, Py:IDENTIFIER, Py:SINGLE_QUOTED_STRING, Py:IDENTIFIER, Py:IDENTIFIER, Py:IDENTIFIER, Py:IDENTIFIER, Py:IDENTIFIER, Py:IDENTIFIER, Py:INTEGER_LITERAL, Py:SINGLE_QUOTED_STRING, Py:SINGLE_QUOTED_STRING, Py:IDENTIFIER, Py:IDENTIFIER, Py:IDENTIFIER, Py:IDENTIFIER, Py:LPAR, Py:INTEGER_LITERAL, Py:INTEGER_LITERAL, Py:IDENTIFIER, Py:IDENTIFIER, Py:IDENTIFIER, Py:IDENTIFIER, Py:LPAR, Py:INTEGER_LITERAL, Py:INTEGER_LITERAL, Py:IDENTIFIER, Py:IDENTIFIER, Py:IDENTIFIER, Py:IDENTIFIER, Py:IDENTIFIER, Py:IDENTIFIER, Py:SINGLE_QUOTED_STRING, Py:IDENTIFIER, Py:INTEGER_LITERAL, Py:SINGLE_QUOTED_STRING, Py:SINGLE_QUOTED_STRING, Py:IDENTIFIER, Py:INTEGER_LITERAL, Py:SINGLE_QUOTED_STRING, Py:IDENTIFIER, Py:INTEGER_LITERAL, Py:SINGLE_QUOTED_STRING, Py:IDENTIFIER, Py:IDENTIFIER, Py:IDENTIFIER, Py:IDENTIFIER, Py:IDENTIFIER, Py:IDENTIFIER, Py:SINGLE_QUOTED_STRING, Py:IDENTIFIER, Py:IDENTIFIER, Py:IDENTIFIER, Py:IDENTIFIER, Py:IDENTIFIER, Py:IDENTIFIER, Py:INTEGER_LITERAL, Py:SINGLE_QUOTED_STRING, Py:SINGLE_QUOTED_STRING, Py:IDENTIFIER, Py:IDENTIFIER, Py:IDENTIFIER, Py:IDENTIFIER, Py:IDENTIFIER, Py:SINGLE_QUOTED_STRING, Py:IDENTIFIER, Py:IDENTIFIER, Py:IDENTIFIER, Py:IDENTIFIER, Py:IDENTIFIER, Py:IDENTIFIER, Py:INTEGER_LITERAL, Py:SINGLE_QUOTED_STRING, Py:SINGLE_QUOTED_STRING, Py:INTEGER_LITERAL, Py:IDENTIFIER, Py:IDENTIFIER] WITH LENGTH 522
CLONE INDEXER BEFORE SEQUENCE SIZE 533INDEXED PYTHON [PyTargetExpression: patches, PsiWhiteSpace, PyReferenceExpression: numpy, PyTargetExpression: np, PsiWhiteSpace]
SEQUENCE org.jetbrains.research.cloneDetector.core.languagescope.python.PyIndexedSequence@2dfc5041
INDEXED PYTHON [PyTargetExpression: patches, PsiWhiteSpace, PyReferenceExpression: numpy, PyTargetExpression: np, PsiWhiteSpace]
SEQUENCE AS LIST [Py:IDENTIFIER, Py:IDENTIFIER, Py:IDENTIFIER, Py:IDENTIFIER, Py:IDENTIFIER, Py:IDENTIFIER, Py:IDENTIFIER, Py:IDENTIFIER, Py:IDENTIFIER, Py:IDENTIFIER, Py:IDENTIFIER, Py:IDENTIFIER, Py:IDENTIFIER, Py:IDENTIFIER, Py:IDENTIFIER, Py:IDENTIFIER, Py:IDENTIFIER, Py:IDENTIFIER, Py:IDENTIFIER, Py:IDENTIFIER, Py:IDENTIFIER, Py:IDENTIFIER, Py:IDENTIFIER, Py:IDENTIFIER, Py:IDENTIFIER, Py:IDENTIFIER, Py:IDENTIFIER, Py:IDENTIFIER, Py:LPAR, Py:IDENTIFIER, Py:IDENTIFIER, Py:IDENTIFIER, Py:IDENTIFIER, Py:LPAR, Py:IDENTIFIER, Py:IDENTIFIER, Py:IDENTIFIER, Py:IDENTIFIER, Py:IDENTIFIER, Py:IDENTIFIER, Py:LBRACKET, Py:IDENTIFIER, Py:IDENTIFIER, Py:IDENTIFIER, Py:IDENTIFIER, Py:IDENTIFIER, Py:IDENTIFIER, Py:IDENTIFIER, Py:INTEGER_LITERAL, Py:IDENTIFIER, Py:IDENTIFIER, Py:INTEGER_LITERAL, Py:IDENTIFIER, Py:IDENTIFIER, Py:IDENTIFIER, Py:IDENTIFIER, Py:IDENTIFIER, Py:IDENTIFIER, Py:IDENTIFIER, Py:IDENTIFIER, Py:IDENTIFIER, Py:LPAR, Py:IDENTIFIER, Py:IDENTIFIER, Py:IDENTIFIER, Py:IDENTIFIER, Py:LPAR, Py:IDENTIFIER, Py:IDENTIFIER, Py:IDENTIFIER, Py:IDENTIFIER, Py:IDENTIFIER, Py:IDENTIFIER, Py:LBRACKET, Py:IDENTIFIER, Py:IDENTIFIER, Py:IDENTIFIER, Py:IDENTIFIER, Py:IDENTIFIER, Py:IDENTIFIER, Py:IDENTIFIER, Py:INTEGER_LITERAL, Py:IDENTIFIER, Py:IDENTIFIER, Py:INTEGER_LITERAL, Py:IDENTIFIER, Py:IDENTIFIER, Py:IDENTIFIER, Py:IDENTIFIER, Py:IDENTIFIER, Py:IDENTIFIER, Py:IDENTIFIER, Py:IDENTIFIER, Py:IDENTIFIER, Py:IDENTIFIER, Py:LPAR, Py:IDENTIFIER, Py:IDENTIFIER, Py:IDENTIFIER, Py:IDENTIFIER, Py:IDENTIFIER, Py:IDENTIFIER, Py:INTEGER_LITERAL, Py:INTEGER_LITERAL, Py:IDENTIFIER, Py:INTEGER_LITERAL, Py:INTEGER_LITERAL, Py:IDENTIFIER, Py:INTEGER_LITERAL, Py:INTEGER_LITERAL, Py:IDENTIFIER, Py:INTEGER_LITERAL, Py:INTEGER_LITERAL, Py:IDENTIFIER, Py:INTEGER_LITERAL, Py:INTEGER_LITERAL, Py:IDENTIFIER, Py:INTEGER_LITERAL, Py:INTEGER_LITERAL, Py:FALSE_KEYWORD, Py:IDENTIFIER, Py:IDENTIFIER, Py:IDENTIFIER, Py:IDENTIFIER, Py:IDENTIFIER, Py:IDENTIFIER, Py:IDENTIFIER, Py:IDENTIFIER, Py:IDENTIFIER, Py:IDENTIFIER, Py:IDENTIFIER, Py:LPAR, Py:IDENTIFIER, Py:IDENTIFIER, Py:IDENTIFIER, Py:LPAR, Py:IDENTIFIER, Py:IDENTIFIER, Py:IDENTIFIER, Py:LPAR, Py:IDENTIFIER, Py:IDENTIFIER, Py:IDENTIFIER, Py:IDENTIFIER, Py:IDENTIFIER, Py:IDENTIFIER, Py:LBRACKET, Py:IDENTIFIER, Py:IDENTIFIER, Py:IDENTIFIER, Py:IDENTIFIER, Py:IDENTIFIER, Py:IDENTIFIER, Py:IDENTIFIER, Py:INTEGER_LITERAL, Py:IDENTIFIER, Py:IDENTIFIER, Py:INTEGER_LITERAL, Py:IDENTIFIER, Py:SINGLE_QUOTED_STRING, Py:IDENTIFIER, Py:SINGLE_QUOTED_STRING, Py:IDENTIFIER, Py:IDENTIFIER, Py:IDENTIFIER, Py:IDENTIFIER, Py:IDENTIFIER, Py:IDENTIFIER, Py:IDENTIFIER, Py:IDENTIFIER, Py:IDENTIFIER, Py:LBRACKET, Py:IDENTIFIER, Py:IDENTIFIER, Py:IDENTIFIER, Py:IDENTIFIER, Py:IDENTIFIER, Py:IDENTIFIER, Py:IDENTIFIER, Py:IDENTIFIER, Py:IDENTIFIER, Py:IDENTIFIER, Py:IDENTIFIER, Py:IDENTIFIER, Py:IDENTIFIER, Py:LPAR, Py:IDENTIFIER, Py:IDENTIFIER, Py:IDENTIFIER, Py:IDENTIFIER, Py:LPAR, Py:IDENTIFIER, Py:IDENTIFIER, Py:IDENTIFIER, Py:IDENTIFIER, Py:IDENTIFIER, Py:IDENTIFIER, Py:LBRACKET, Py:IDENTIFIER, Py:IDENTIFIER, Py:IDENTIFIER, Py:IDENTIFIER, Py:IDENTIFIER, Py:IDENTIFIER, Py:IDENTIFIER, Py:INTEGER_LITERAL, Py:IDENTIFIER, Py:IDENTIFIER, Py:INTEGER_LITERAL, Py:IDENTIFIER, Py:IDENTIFIER, Py:IDENTIFIER, Py:IDENTIFIER, Py:IDENTIFIER, Py:IDENTIFIER, Py:IDENTIFIER, Py:IDENTIFIER, Py:IDENTIFIER, Py:IDENTIFIER, Py:IDENTIFIER, Py:IDENTIFIER, Py:SINGLE_QUOTED_STRING, Py:IDENTIFIER, Py:IDENTIFIER, Py:IDENTIFIER, Py:IDENTIFIER, Py:IDENTIFIER, Py:SINGLE_QUOTED_STRING, Py:IDENTIFIER, Py:IDENTIFIER, Py:IDENTIFIER, Py:IDENTIFIER, Py:IDENTIFIER, Py:SINGLE_QUOTED_STRING, Py:IDENTIFIER, Py:IDENTIFIER, Py:IDENTIFIER, Py:IDENTIFIER, Py:LPAR, Py:INTEGER_LITERAL, Py:INTEGER_LITERAL, Py:IDENTIFIER, Py:IDENTIFIER, Py:IDENTIFIER, Py:IDENTIFIER, Py:LPAR, Py:INTEGER_LITERAL, Py:INTEGER_LITERAL, Py:IDENTIFIER, Py:IDENTIFIER, Py:IDENTIFIER, Py:IDENTIFIER, Py:IDENTIFIER, Py:IDENTIFIER, Py:IDENTIFIER, Py:IDENTIFIER, Py:IDENTIFIER, Py:IDENTIFIER, Py:SINGLE_QUOTED_STRING, Py:IDENTIFIER, Py:SINGLE_QUOTED_STRING, Py:IDENTIFIER, Py:INTEGER_LITERAL, Py:SINGLE_QUOTED_STRING, Py:SINGLE_QUOTED_STRING, Py:IDENTIFIER, Py:INTEGER_LITERAL, Py:SINGLE_QUOTED_STRING, Py:IDENTIFIER, Py:INTEGER_LITERAL, Py:SINGLE_QUOTED_STRING, Py:IDENTIFIER, Py:IDENTIFIER, Py:IDENTIFIER, Py:SINGLE_QUOTED_STRING, Py:IDENTIFIER, Py:SINGLE_QUOTED_STRING, Py:IDENTIFIER, Py:SINGLE_QUOTED_STRING, Py:IDENTIFIER, Py:SINGLE_QUOTED_STRING, Py:IDENTIFIER, Py:SINGLE_QUOTED_STRING, Py:IDENTIFIER, Py:IDENTIFIER, Py:IDENTIFIER, Py:IDENTIFIER, Py:DOCSTRING, Py:IDENTIFIER, Py:IDENTIFIER, Py:IDENTIFIER, Py:LPAR, Py:IDENTIFIER, Py:IDENTIFIER, Py:IDENTIFIER, Py:LPAR, Py:IDENTIFIER, Py:IDENTIFIER, Py:IDENTIFIER, Py:LPAR, Py:IDENTIFIER, Py:IDENTIFIER, Py:IDENTIFIER, Py:IDENTIFIER, Py:IDENTIFIER, Py:IDENTIFIER, Py:IDENTIFIER, Py:LPAR, Py:IDENTIFIER, Py:IDENTIFIER, Py:IDENTIFIER, Py:IDENTIFIER, Py:IDENTIFIER, Py:IDENTIFIER, Py:IDENTIFIER, Py:LPAR, Py:IDENTIFIER, Py:IDENTIFIER, Py:IDENTIFIER, Py:IDENTIFIER, Py:IDENTIFIER, Py:IDENTIFIER, Py:IDENTIFIER, Py:IDENTIFIER, Py:IDENTIFIER, Py:IDENTIFIER, Py:IDENTIFIER, Py:IDENTIFIER, Py:IDENTIFIER, Py:IDENTIFIER, Py:IDENTIFIER, Py:IDENTIFIER, Py:IDENTIFIER, Py:LBRACKET, Py:IDENTIFIER, Py:IDENTIFIER, Py:IDENTIFIER, Py:LPAR, Py:INTEGER_LITERAL, Py:LPAR, Py:IDENTIFIER, Py:LPAR, Py:INTEGER_LITERAL, Py:LPAR, Py:IDENTIFIER, Py:IDENTIFIER, Py:IDENTIFIER, Py:LPAR, Py:INTEGER_LITERAL, Py:LPAR, Py:IDENTIFIER, Py:LPAR, Py:INTEGER_LITERAL, Py:LPAR, Py:IDENTIFIER, Py:IDENTIFIER, Py:IDENTIFIER, Py:LPAR, Py:IDENTIFIER, Py:IDENTIFIER, Py:IDENTIFIER, Py:INTEGER_LITERAL, Py:INTEGER_LITERAL, Py:FLOAT_LITERAL, Py:IDENTIFIER, Py:IDENTIFIER, Py:INTEGER_LITERAL, Py:IDENTIFIER, Py:IDENTIFIER, Py:INTEGER_LITERAL, Py:IDENTIFIER, Py:IDENTIFIER, Py:INTEGER_LITERAL, Py:IDENTIFIER, Py:IDENTIFIER, Py:INTEGER_LITERAL, Py:IDENTIFIER, Py:IDENTIFIER, Py:IDENTIFIER, Py:IDENTIFIER, Py:IDENTIFIER, Py:INTEGER_LITERAL, Py:IDENTIFIER, Py:IDENTIFIER, Py:INTEGER_LITERAL, Py:IDENTIFIER, Py:IDENTIFIER, Py:INTEGER_LITERAL, Py:IDENTIFIER, Py:IDENTIFIER, Py:INTEGER_LITERAL, Py:IDENTIFIER, Py:IDENTIFIER, Py:IDENTIFIER, Py:IDENTIFIER, Py:LPAR, Py:INTEGER_LITERAL, Py:INTEGER_LITERAL, Py:IDENTIFIER, Py:LPAR, Py:INTEGER_LITERAL, Py:INTEGER_LITERAL, Py:IDENTIFIER, Py:INTEGER_LITERAL, Py:INTEGER_LITERAL, Py:IDENTIFIER, Py:INTEGER_LITERAL, Py:INTEGER_LITERAL, Py:IDENTIFIER, Py:IDENTIFIER, Py:IDENTIFIER, Py:IDENTIFIER, Py:IDENTIFIER, Py:IDENTIFIER, Py:IDENTIFIER, Py:IDENTIFIER, Py:IDENTIFIER, Py:SINGLE_QUOTED_STRING, Py:IDENTIFIER, Py:IDENTIFIER, Py:IDENTIFIER, Py:IDENTIFIER, Py:IDENTIFIER, Py:IDENTIFIER, Py:INTEGER_LITERAL, Py:SINGLE_QUOTED_STRING, Py:SINGLE_QUOTED_STRING, Py:IDENTIFIER, Py:IDENTIFIER, Py:IDENTIFIER, Py:IDENTIFIER, Py:IDENTIFIER, Py:SINGLE_QUOTED_STRING, Py:IDENTIFIER, Py:IDENTIFIER, Py:IDENTIFIER, Py:IDENTIFIER, Py:IDENTIFIER, Py:IDENTIFIER, Py:INTEGER_LITERAL, Py:SINGLE_QUOTED_STRING, Py:SINGLE_QUOTED_STRING, Py:IDENTIFIER, Py:IDENTIFIER, Py:IDENTIFIER, Py:IDENTIFIER, Py:IDENTIFIER, Py:SINGLE_QUOTED_STRING, Py:IDENTIFIER, Py:IDENTIFIER, Py:IDENTIFIER, Py:IDENTIFIER, Py:IDENTIFIER, Py:IDENTIFIER, Py:INTEGER_LITERAL, Py:SINGLE_QUOTED_STRING, Py:SINGLE_QUOTED_STRING, Py:IDENTIFIER, Py:IDENTIFIER, Py:IDENTIFIER, Py:IDENTIFIER, Py:LPAR, Py:INTEGER_LITERAL, Py:INTEGER_LITERAL, Py:IDENTIFIER, Py:IDENTIFIER, Py:IDENTIFIER, Py:IDENTIFIER, Py:LPAR, Py:INTEGER_LITERAL, Py:INTEGER_LITERAL, Py:IDENTIFIER, Py:IDENTIFIER, Py:IDENTIFIER, Py:IDENTIFIER, Py:IDENTIFIER, Py:IDENTIFIER, Py:SINGLE_QUOTED_STRING, Py:IDENTIFIER, Py:INTEGER_LITERAL, Py:SINGLE_QUOTED_STRING, Py:SINGLE_QUOTED_STRING, Py:IDENTIFIER, Py:INTEGER_LITERAL, Py:SINGLE_QUOTED_STRING, Py:IDENTIFIER, Py:INTEGER_LITERAL, Py:SINGLE_QUOTED_STRING, Py:IDENTIFIER, Py:IDENTIFIER, Py:IDENTIFIER, Py:IDENTIFIER, Py:IDENTIFIER, Py:IDENTIFIER, Py:SINGLE_QUOTED_STRING, Py:IDENTIFIER, Py:IDENTIFIER, Py:IDENTIFIER, Py:IDENTIFIER, Py:IDENTIFIER, Py:IDENTIFIER, Py:INTEGER_LITERAL, Py:SINGLE_QUOTED_STRING, Py:SINGLE_QUOTED_STRING, Py:IDENTIFIER, Py:IDENTIFIER, Py:IDENTIFIER, Py:IDENTIFIER, Py:IDENTIFIER, Py:SINGLE_QUOTED_STRING, Py:IDENTIFIER, Py:IDENTIFIER, Py:IDENTIFIER, Py:IDENTIFIER, Py:IDENTIFIER, Py:IDENTIFIER, Py:INTEGER_LITERAL, Py:SINGLE_QUOTED_STRING, Py:SINGLE_QUOTED_STRING, Py:INTEGER_LITERAL, Py:IDENTIFIER, Py:IDENTIFIER] WITH LENGTH 522
(3)
SimpleFile2.py
CLONE INDEXER BEFORE SEQUENCE SIZE 329INDEXED PYTHON [PyTargetExpression: np, PsiWhiteSpace, PyReferenceExpression: matplotlib, PyTargetExpression: plt, PsiWhiteSpace]
SEQUENCE org.jetbrains.research.cloneDetector.core.languagescope.python.PyIndexedSequence@6dae5c7a
INDEXED PYTHON [PyTargetExpression: np, PsiWhiteSpace, PyReferenceExpression: matplotlib, PyTargetExpression: plt, PsiWhiteSpace]
SEQUENCE AS LIST [Py:IDENTIFIER, Py:IDENTIFIER, Py:IDENTIFIER, Py:IDENTIFIER, Py:IDENTIFIER, Py:IDENTIFIER, Py:IDENTIFIER, Py:IDENTIFIER, Py:IDENTIFIER, Py:IDENTIFIER, Py:IDENTIFIER, Py:DOCSTRING, Py:IDENTIFIER, Py:IDENTIFIER, Py:IDENTIFIER, Py:IDENTIFIER, Py:IDENTIFIER, Py:IDENTIFIER, Py:IDENTIFIER, Py:IDENTIFIER, Py:IDENTIFIER, Py:IDENTIFIER, Py:IDENTIFIER, Py:IDENTIFIER, Py:IDENTIFIER, Py:IDENTIFIER, Py:IDENTIFIER, Py:IDENTIFIER, Py:LPAR, Py:IDENTIFIER, Py:IDENTIFIER, Py:IDENTIFIER, Py:IDENTIFIER, Py:IDENTIFIER, Py:IDENTIFIER, Py:SINGLE_QUOTED_STRING, Py:SINGLE_QUOTED_STRING, Py:IDENTIFIER, Py:IDENTIFIER, Py:IDENTIFIER, Py:IDENTIFIER, Py:IDENTIFIER, Py:IDENTIFIER, Py:IDENTIFIER, Py:INTEGER_LITERAL, Py:IDENTIFIER, Py:IDENTIFIER, Py:IDENTIFIER, Py:IDENTIFIER, Py:IDENTIFIER, Py:IDENTIFIER, Py:IDENTIFIER, Py:IDENTIFIER, Py:IDENTIFIER, Py:IDENTIFIER, Py:IDENTIFIER, Py:IDENTIFIER, Py:IDENTIFIER, Py:IDENTIFIER, Py:IDENTIFIER, Py:IDENTIFIER, Py:IDENTIFIER, Py:IDENTIFIER, Py:IDENTIFIER, Py:IDENTIFIER, Py:IDENTIFIER, Py:IDENTIFIER, Py:IDENTIFIER, Py:INTEGER_LITERAL, Py:FLOAT_LITERAL, Py:FALSE_KEYWORD, Py:IDENTIFIER, Py:IDENTIFIER, Py:INTEGER_LITERAL, Py:INTEGER_LITERAL, Py:INTEGER_LITERAL, Py:IDENTIFIER, Py:SINGLE_QUOTED_STRING, Py:SINGLE_QUOTED_STRING, Py:SINGLE_QUOTED_STRING, Py:IDENTIFIER, Py:SINGLE_QUOTED_STRING, Py:SINGLE_QUOTED_STRING, Py:SINGLE_QUOTED_STRING, Py:IDENTIFIER, Py:IDENTIFIER, Py:IDENTIFIER, Py:IDENTIFIER, Py:IDENTIFIER, Py:IDENTIFIER, Py:INTEGER_LITERAL, Py:INTEGER_LITERAL, Py:IDENTIFIER, Py:IDENTIFIER, Py:INTEGER_LITERAL, Py:INTEGER_LITERAL, Py:IDENTIFIER, Py:IDENTIFIER, Py:IDENTIFIER, Py:IDENTIFIER, Py:INTEGER_LITERAL, Py:IDENTIFIER, Py:IDENTIFIER, Py:IDENTIFIER, Py:IDENTIFIER, Py:INTEGER_LITERAL, Py:IDENTIFIER, Py:IDENTIFIER, Py:INTEGER_LITERAL, Py:INTEGER_LITERAL, Py:INTEGER_LITERAL, Py:IDENTIFIER, Py:IDENTIFIER, Py:INTEGER_LITERAL, Py:INTEGER_LITERAL, Py:IDENTIFIER, Py:IDENTIFIER, Py:IDENTIFIER, Py:INTEGER_LITERAL, Py:IDENTIFIER, Py:IDENTIFIER, Py:IDENTIFIER, Py:IDENTIFIER, Py:INTEGER_LITERAL, Py:IDENTIFIER, Py:IDENTIFIER, Py:INTEGER_LITERAL, Py:IDENTIFIER, Py:IDENTIFIER, Py:IDENTIFIER, Py:INTEGER_LITERAL, Py:IDENTIFIER, Py:IDENTIFIER, Py:IDENTIFIER, Py:IDENTIFIER, Py:INTEGER_LITERAL, Py:IDENTIFIER, Py:IDENTIFIER, Py:IDENTIFIER, Py:IDENTIFIER, Py:IDENTIFIER, Py:INTEGER_LITERAL, Py:IDENTIFIER, Py:IDENTIFIER, Py:IDENTIFIER, Py:IDENTIFIER, Py:INTEGER_LITERAL, Py:IDENTIFIER, Py:IDENTIFIER, Py:INTEGER_LITERAL, Py:IDENTIFIER, Py:IDENTIFIER, Py:IDENTIFIER, Py:IDENTIFIER, Py:IDENTIFIER, Py:INTEGER_LITERAL, Py:INTEGER_LITERAL, Py:IDENTIFIER, Py:IDENTIFIER, Py:INTEGER_LITERAL, Py:INTEGER_LITERAL, Py:IDENTIFIER, Py:IDENTIFIER, Py:INTEGER_LITERAL, Py:INTEGER_LITERAL, Py:IDENTIFIER, Py:IDENTIFIER, Py:INTEGER_LITERAL, Py:INTEGER_LITERAL, Py:IDENTIFIER, Py:IDENTIFIER, Py:INTEGER_LITERAL, Py:INTEGER_LITERAL, Py:IDENTIFIER, Py:IDENTIFIER, Py:INTEGER_LITERAL, Py:IDENTIFIER, Py:IDENTIFIER, Py:IDENTIFIER, Py:IDENTIFIER, Py:IDENTIFIER, Py:IDENTIFIER, Py:IDENTIFIER, Py:IDENTIFIER, Py:IDENTIFIER, Py:IDENTIFIER, Py:IDENTIFIER, Py:IDENTIFIER, Py:IDENTIFIER, Py:IDENTIFIER, Py:IDENTIFIER, Py:IDENTIFIER, Py:IDENTIFIER, Py:IDENTIFIER, Py:IDENTIFIER, Py:IDENTIFIER, Py:IDENTIFIER, Py:IDENTIFIER, Py:IDENTIFIER, Py:IDENTIFIER, Py:IDENTIFIER, Py:LPAR, Py:IDENTIFIER, Py:IDENTIFIER, Py:IDENTIFIER, Py:IDENTIFIER, Py:IDENTIFIER, Py:IDENTIFIER, Py:IDENTIFIER, Py:IDENTIFIER, Py:IDENTIFIER, Py:IDENTIFIER, Py:IDENTIFIER, Py:IDENTIFIER, Py:IDENTIFIER, Py:IDENTIFIER, Py:INTEGER_LITERAL, Py:INTEGER_LITERAL, Py:IDENTIFIER, Py:IDENTIFIER, Py:IDENTIFIER, Py:IDENTIFIER, Py:IDENTIFIER, Py:IDENTIFIER, Py:IDENTIFIER, Py:IDENTIFIER, Py:IDENTIFIER, Py:IDENTIFIER, Py:IDENTIFIER, Py:IDENTIFIER, Py:LPAR, Py:INTEGER_LITERAL, Py:INTEGER_LITERAL, Py:IDENTIFIER, Py:IDENTIFIER, Py:INTEGER_LITERAL, Py:INTEGER_LITERAL, Py:INTEGER_LITERAL, Py:IDENTIFIER, Py:IDENTIFIER, Py:IDENTIFIER, Py:IDENTIFIER, Py:IDENTIFIER, Py:IDENTIFIER, Py:IDENTIFIER, Py:IDENTIFIER, Py:IDENTIFIER, Py:IDENTIFIER, Py:IDENTIFIER, Py:INTEGER_LITERAL, Py:INTEGER_LITERAL, Py:IDENTIFIER, Py:IDENTIFIER, Py:IDENTIFIER, Py:IDENTIFIER, Py:SINGLE_QUOTED_STRING, Py:IDENTIFIER, Py:SINGLE_QUOTED_STRING, Py:IDENTIFIER, Py:SINGLE_QUOTED_STRING, Py:IDENTIFIER, Py:SINGLE_QUOTED_STRING, Py:IDENTIFIER, Py:IDENTIFIER, Py:IDENTIFIER, Py:IDENTIFIER, Py:IDENTIFIER, Py:IDENTIFIER, Py:LPAR, Py:IDENTIFIER, Py:IDENTIFIER, Py:IDENTIFIER, Py:IDENTIFIER, Py:IDENTIFIER, Py:IDENTIFIER, Py:IDENTIFIER, Py:IDENTIFIER, Py:IDENTIFIER, Py:IDENTIFIER, Py:IDENTIFIER, Py:SINGLE_QUOTED_STRING, Py:INTEGER_LITERAL, Py:FLOAT_LITERAL, Py:IDENTIFIER, Py:FALSE_KEYWORD, Py:IDENTIFIER, Py:SINGLE_QUOTED_STRING, Py:IDENTIFIER, Py:SINGLE_QUOTED_STRING, Py:IDENTIFIER, Py:SINGLE_QUOTED_STRING, Py:IDENTIFIER, Py:IDENTIFIER, Py:INTEGER_LITERAL, Py:SINGLE_QUOTED_STRING, Py:IDENTIFIER, Py:IDENTIFIER, Py:INTEGER_LITERAL, Py:SINGLE_QUOTED_STRING, Py:IDENTIFIER, Py:IDENTIFIER, Py:INTEGER_LITERAL, Py:SINGLE_QUOTED_STRING, Py:IDENTIFIER, Py:IDENTIFIER, Py:IDENTIFIER, Py:IDENTIFIER, Py:IDENTIFIER, Py:IDENTIFIER, Py:IDENTIFIER, Py:IDENTIFIER, Py:IDENTIFIER, Py:IDENTIFIER] WITH LENGTH 313
CLONE INDEXER BEFORE SEQUENCE SIZE 329INDEXED PYTHON [PyTargetExpression: np, PsiWhiteSpace, PyReferenceExpression: matplotlib, PyTargetExpression: plt, PsiWhiteSpace]
SEQUENCE org.jetbrains.research.cloneDetector.core.languagescope.python.PyIndexedSequence@65e019ad
INDEXED PYTHON [PyTargetExpression: np, PsiWhiteSpace, PyReferenceExpression: matplotlib, PyTargetExpression: plt, PsiWhiteSpace]
SEQUENCE AS LIST [Py:IDENTIFIER, Py:IDENTIFIER, Py:IDENTIFIER, Py:IDENTIFIER, Py:IDENTIFIER, Py:IDENTIFIER, Py:IDENTIFIER, Py:IDENTIFIER, Py:IDENTIFIER, Py:IDENTIFIER, Py:IDENTIFIER, Py:DOCSTRING, Py:IDENTIFIER, Py:IDENTIFIER, Py:IDENTIFIER, Py:IDENTIFIER, Py:IDENTIFIER, Py:IDENTIFIER, Py:IDENTIFIER, Py:IDENTIFIER, Py:IDENTIFIER, Py:IDENTIFIER, Py:IDENTIFIER, Py:IDENTIFIER, Py:IDENTIFIER, Py:IDENTIFIER, Py:IDENTIFIER, Py:IDENTIFIER, Py:LPAR, Py:IDENTIFIER, Py:IDENTIFIER, Py:IDENTIFIER, Py:IDENTIFIER, Py:IDENTIFIER, Py:IDENTIFIER, Py:SINGLE_QUOTED_STRING, Py:SINGLE_QUOTED_STRING, Py:IDENTIFIER, Py:IDENTIFIER, Py:IDENTIFIER, Py:IDENTIFIER, Py:IDENTIFIER, Py:IDENTIFIER, Py:IDENTIFIER, Py:INTEGER_LITERAL, Py:IDENTIFIER, Py:IDENTIFIER, Py:IDENTIFIER, Py:IDENTIFIER, Py:IDENTIFIER, Py:IDENTIFIER, Py:IDENTIFIER, Py:IDENTIFIER, Py:IDENTIFIER, Py:IDENTIFIER, Py:IDENTIFIER, Py:IDENTIFIER, Py:IDENTIFIER, Py:IDENTIFIER, Py:IDENTIFIER, Py:IDENTIFIER, Py:IDENTIFIER, Py:IDENTIFIER, Py:IDENTIFIER, Py:IDENTIFIER, Py:IDENTIFIER, Py:IDENTIFIER, Py:IDENTIFIER, Py:INTEGER_LITERAL, Py:FLOAT_LITERAL, Py:FALSE_KEYWORD, Py:IDENTIFIER, Py:IDENTIFIER, Py:INTEGER_LITERAL, Py:INTEGER_LITERAL, Py:INTEGER_LITERAL, Py:IDENTIFIER, Py:SINGLE_QUOTED_STRING, Py:SINGLE_QUOTED_STRING, Py:SINGLE_QUOTED_STRING, Py:IDENTIFIER, Py:SINGLE_QUOTED_STRING, Py:SINGLE_QUOTED_STRING, Py:SINGLE_QUOTED_STRING, Py:IDENTIFIER, Py:IDENTIFIER, Py:IDENTIFIER, Py:IDENTIFIER, Py:IDENTIFIER, Py:IDENTIFIER, Py:INTEGER_LITERAL, Py:INTEGER_LITERAL, Py:IDENTIFIER, Py:IDENTIFIER, Py:INTEGER_LITERAL, Py:INTEGER_LITERAL, Py:IDENTIFIER, Py:IDENTIFIER, Py:IDENTIFIER, Py:IDENTIFIER, Py:INTEGER_LITERAL, Py:IDENTIFIER, Py:IDENTIFIER, Py:IDENTIFIER, Py:IDENTIFIER, Py:INTEGER_LITERAL, Py:IDENTIFIER, Py:IDENTIFIER, Py:INTEGER_LITERAL, Py:INTEGER_LITERAL, Py:INTEGER_LITERAL, Py:IDENTIFIER, Py:IDENTIFIER, Py:INTEGER_LITERAL, Py:INTEGER_LITERAL, Py:IDENTIFIER, Py:IDENTIFIER, Py:IDENTIFIER, Py:INTEGER_LITERAL, Py:IDENTIFIER, Py:IDENTIFIER, Py:IDENTIFIER, Py:IDENTIFIER, Py:INTEGER_LITERAL, Py:IDENTIFIER, Py:IDENTIFIER, Py:INTEGER_LITERAL, Py:IDENTIFIER, Py:IDENTIFIER, Py:IDENTIFIER, Py:INTEGER_LITERAL, Py:IDENTIFIER, Py:IDENTIFIER, Py:IDENTIFIER, Py:IDENTIFIER, Py:INTEGER_LITERAL, Py:IDENTIFIER, Py:IDENTIFIER, Py:IDENTIFIER, Py:IDENTIFIER, Py:IDENTIFIER, Py:INTEGER_LITERAL, Py:IDENTIFIER, Py:IDENTIFIER, Py:IDENTIFIER, Py:IDENTIFIER, Py:INTEGER_LITERAL, Py:IDENTIFIER, Py:IDENTIFIER, Py:INTEGER_LITERAL, Py:IDENTIFIER, Py:IDENTIFIER, Py:IDENTIFIER, Py:IDENTIFIER, Py:IDENTIFIER, Py:INTEGER_LITERAL, Py:INTEGER_LITERAL, Py:IDENTIFIER, Py:IDENTIFIER, Py:INTEGER_LITERAL, Py:INTEGER_LITERAL, Py:IDENTIFIER, Py:IDENTIFIER, Py:INTEGER_LITERAL, Py:INTEGER_LITERAL, Py:IDENTIFIER, Py:IDENTIFIER, Py:INTEGER_LITERAL, Py:INTEGER_LITERAL, Py:IDENTIFIER, Py:IDENTIFIER, Py:INTEGER_LITERAL, Py:INTEGER_LITERAL, Py:IDENTIFIER, Py:IDENTIFIER, Py:INTEGER_LITERAL, Py:IDENTIFIER, Py:IDENTIFIER, Py:IDENTIFIER, Py:IDENTIFIER, Py:IDENTIFIER, Py:IDENTIFIER, Py:IDENTIFIER, Py:IDENTIFIER, Py:IDENTIFIER, Py:IDENTIFIER, Py:IDENTIFIER, Py:IDENTIFIER, Py:IDENTIFIER, Py:IDENTIFIER, Py:IDENTIFIER, Py:IDENTIFIER, Py:IDENTIFIER, Py:IDENTIFIER, Py:IDENTIFIER, Py:IDENTIFIER, Py:IDENTIFIER, Py:IDENTIFIER, Py:IDENTIFIER, Py:IDENTIFIER, Py:IDENTIFIER, Py:LPAR, Py:IDENTIFIER, Py:IDENTIFIER, Py:IDENTIFIER, Py:IDENTIFIER, Py:IDENTIFIER, Py:IDENTIFIER, Py:IDENTIFIER, Py:IDENTIFIER, Py:IDENTIFIER, Py:IDENTIFIER, Py:IDENTIFIER, Py:IDENTIFIER, Py:IDENTIFIER, Py:IDENTIFIER, Py:INTEGER_LITERAL, Py:INTEGER_LITERAL, Py:IDENTIFIER, Py:IDENTIFIER, Py:IDENTIFIER, Py:IDENTIFIER, Py:IDENTIFIER, Py:IDENTIFIER, Py:IDENTIFIER, Py:IDENTIFIER, Py:IDENTIFIER, Py:IDENTIFIER, Py:IDENTIFIER, Py:IDENTIFIER, Py:LPAR, Py:INTEGER_LITERAL, Py:INTEGER_LITERAL, Py:IDENTIFIER, Py:IDENTIFIER, Py:INTEGER_LITERAL, Py:INTEGER_LITERAL, Py:INTEGER_LITERAL, Py:IDENTIFIER, Py:IDENTIFIER, Py:IDENTIFIER, Py:IDENTIFIER, Py:IDENTIFIER, Py:IDENTIFIER, Py:IDENTIFIER, Py:IDENTIFIER, Py:IDENTIFIER, Py:IDENTIFIER, Py:IDENTIFIER, Py:INTEGER_LITERAL, Py:INTEGER_LITERAL, Py:IDENTIFIER, Py:IDENTIFIER, Py:IDENTIFIER, Py:IDENTIFIER, Py:SINGLE_QUOTED_STRING, Py:IDENTIFIER, Py:SINGLE_QUOTED_STRING, Py:IDENTIFIER, Py:SINGLE_QUOTED_STRING, Py:IDENTIFIER, Py:SINGLE_QUOTED_STRING, Py:IDENTIFIER, Py:IDENTIFIER, Py:IDENTIFIER, Py:IDENTIFIER, Py:IDENTIFIER, Py:IDENTIFIER, Py:LPAR, Py:IDENTIFIER, Py:IDENTIFIER, Py:IDENTIFIER, Py:IDENTIFIER, Py:IDENTIFIER, Py:IDENTIFIER, Py:IDENTIFIER, Py:IDENTIFIER, Py:IDENTIFIER, Py:IDENTIFIER, Py:IDENTIFIER, Py:SINGLE_QUOTED_STRING, Py:INTEGER_LITERAL, Py:FLOAT_LITERAL, Py:IDENTIFIER, Py:FALSE_KEYWORD, Py:IDENTIFIER, Py:SINGLE_QUOTED_STRING, Py:IDENTIFIER, Py:SINGLE_QUOTED_STRING, Py:IDENTIFIER, Py:SINGLE_QUOTED_STRING, Py:IDENTIFIER, Py:IDENTIFIER, Py:INTEGER_LITERAL, Py:SINGLE_QUOTED_STRING, Py:IDENTIFIER, Py:IDENTIFIER, Py:INTEGER_LITERAL, Py:SINGLE_QUOTED_STRING, Py:IDENTIFIER, Py:IDENTIFIER, Py:INTEGER_LITERAL, Py:SINGLE_QUOTED_STRING, Py:IDENTIFIER, Py:IDENTIFIER, Py:IDENTIFIER, Py:IDENTIFIER, Py:IDENTIFIER, Py:IDENTIFIER, Py:IDENTIFIER, Py:IDENTIFIER, Py:IDENTIFIER, Py:IDENTIFIER] WITH LENGTH 313
(4)
SimpleFile4.py
CLONE INDEXER BEFORE SEQUENCE SIZE 533INDEXED PYTHON [PyTargetExpression: np, PsiWhiteSpace, PyReferenceExpression: matplotlib, PyTargetExpression: plt, PsiWhiteSpace]
SEQUENCE org.jetbrains.research.cloneDetector.core.languagescope.python.PyIndexedSequence@5bddf158
INDEXED PYTHON [PyTargetExpression: np, PsiWhiteSpace, PyReferenceExpression: matplotlib, PyTargetExpression: plt, PsiWhiteSpace]
SEQUENCE AS LIST [Py:IDENTIFIER, Py:IDENTIFIER, Py:IDENTIFIER, Py:IDENTIFIER, Py:IDENTIFIER, Py:IDENTIFIER, Py:IDENTIFIER, Py:IDENTIFIER, Py:IDENTIFIER, Py:IDENTIFIER, Py:IDENTIFIER, Py:IDENTIFIER, Py:IDENTIFIER, Py:IDENTIFIER, Py:IDENTIFIER, Py:IDENTIFIER, Py:IDENTIFIER, Py:IDENTIFIER, Py:IDENTIFIER, Py:IDENTIFIER, Py:IDENTIFIER, Py:LPAR, Py:IDENTIFIER, Py:IDENTIFIER, Py:IDENTIFIER, Py:IDENTIFIER, Py:IDENTIFIER, Py:IDENTIFIER, Py:INTEGER_LITERAL, Py:INTEGER_LITERAL, Py:IDENTIFIER, Py:INTEGER_LITERAL, Py:INTEGER_LITERAL, Py:IDENTIFIER, Py:INTEGER_LITERAL, Py:INTEGER_LITERAL, Py:IDENTIFIER, Py:INTEGER_LITERAL, Py:INTEGER_LITERAL, Py:IDENTIFIER, Py:INTEGER_LITERAL, Py:INTEGER_LITERAL, Py:IDENTIFIER, Py:INTEGER_LITERAL, Py:INTEGER_LITERAL, Py:FALSE_KEYWORD, Py:IDENTIFIER, Py:IDENTIFIER, Py:IDENTIFIER, Py:IDENTIFIER, Py:IDENTIFIER, Py:IDENTIFIER, Py:IDENTIFIER, Py:PASS_KEYWORD, Py:IDENTIFIER, Py:PASS_KEYWORD, Py:IDENTIFIER, Py:IDENTIFIER, Py:IDENTIFIER, Py:IDENTIFIER, Py:IDENTIFIER, Py:IDENTIFIER, Py:IDENTIFIER, Py:IDENTIFIER, Py:IDENTIFIER, Py:IDENTIFIER, Py:IDENTIFIER, Py:IDENTIFIER, Py:IDENTIFIER, Py:IDENTIFIER, Py:IDENTIFIER, Py:IDENTIFIER, Py:IDENTIFIER, Py:IDENTIFIER, Py:IDENTIFIER, Py:IDENTIFIER, Py:IDENTIFIER, Py:IDENTIFIER, Py:IDENTIFIER, Py:IDENTIFIER, Py:IDENTIFIER, Py:IDENTIFIER, Py:IDENTIFIER, Py:IDENTIFIER, Py:IDENTIFIER, Py:IDENTIFIER, Py:IDENTIFIER, Py:IDENTIFIER, Py:IDENTIFIER, Py:IDENTIFIER, Py:IDENTIFIER, Py:IDENTIFIER, Py:IDENTIFIER, Py:IDENTIFIER, Py:IDENTIFIER, Py:IDENTIFIER, Py:IDENTIFIER, Py:IDENTIFIER, Py:IDENTIFIER, Py:IDENTIFIER, Py:IDENTIFIER, Py:IDENTIFIER, Py:IDENTIFIER, Py:IDENTIFIER, Py:IDENTIFIER, Py:IDENTIFIER, Py:IDENTIFIER, Py:IDENTIFIER, Py:IDENTIFIER, Py:IDENTIFIER, Py:IDENTIFIER, Py:IDENTIFIER, Py:IDENTIFIER, Py:IDENTIFIER, Py:IDENTIFIER, Py:IDENTIFIER, Py:IDENTIFIER, Py:IDENTIFIER, Py:LPAR, Py:IDENTIFIER, Py:IDENTIFIER, Py:IDENTIFIER, Py:IDENTIFIER, Py:IDENTIFIER, Py:SINGLE_QUOTED_STRING, Py:SINGLE_QUOTED_STRING, Py:SINGLE_QUOTED_STRING, Py:IDENTIFIER, Py:SINGLE_QUOTED_STRING, Py:SINGLE_QUOTED_STRING, Py:SINGLE_QUOTED_STRING, Py:IDENTIFIER, Py:IDENTIFIER, Py:IDENTIFIER, Py:IDENTIFIER, Py:IDENTIFIER, Py:LBRACE, Py:IDENTIFIER, Py:IDENTIFIER, Py:IDENTIFIER, Py:IDENTIFIER, Py:IDENTIFIER, Py:IDENTIFIER, Py:IDENTIFIER, Py:NONE_KEYWORD, Py:NONE_KEYWORD, Py:IDENTIFIER, Py:IDENTIFIER, Py:IDENTIFIER, Py:IDENTIFIER, Py:IDENTIFIER, Py:SINGLE_QUOTED_STRING, Py:IDENTIFIER, Py:IDENTIFIER, Py:IDENTIFIER, Py:SINGLE_QUOTED_STRING, Py:IDENTIFIER, Py:IDENTIFIER, Py:IDENTIFIER, Py:SINGLE_QUOTED_STRING, Py:IDENTIFIER, Py:IDENTIFIER, Py:SINGLE_QUOTED_STRING, Py:IDENTIFIER, Py:IDENTIFIER, Py:SINGLE_QUOTED_STRING, Py:IDENTIFIER, Py:IDENTIFIER, Py:IDENTIFIER, Py:SINGLE_QUOTED_STRING, Py:IDENTIFIER, Py:IDENTIFIER, Py:IDENTIFIER, Py:SINGLE_QUOTED_STRING, Py:IDENTIFIER, Py:IDENTIFIER, Py:IDENTIFIER, Py:SINGLE_QUOTED_STRING, Py:IDENTIFIER, Py:IDENTIFIER, Py:IDENTIFIER, Py:SINGLE_QUOTED_STRING, Py:IDENTIFIER, Py:IDENTIFIER, Py:IDENTIFIER, Py:SINGLE_QUOTED_STRING, Py:IDENTIFIER, Py:IDENTIFIER, Py:IDENTIFIER, Py:IDENTIFIER, Py:IDENTIFIER, Py:INTEGER_LITERAL, Py:IDENTIFIER, Py:IDENTIFIER, Py:IDENTIFIER, Py:IDENTIFIER, Py:IDENTIFIER, Py:IDENTIFIER, Py:INTEGER_LITERAL, Py:IDENTIFIER, Py:IDENTIFIER, Py:IDENTIFIER, Py:IDENTIFIER, Py:INTEGER_LITERAL, Py:INTEGER_LITERAL, Py:INTEGER_LITERAL, Py:IDENTIFIER, Py:IDENTIFIER, Py:IDENTIFIER, Py:IDENTIFIER, Py:IDENTIFIER, Py:IDENTIFIER, Py:INTEGER_LITERAL, Py:IDENTIFIER, Py:IDENTIFIER, Py:IDENTIFIER, Py:IDENTIFIER, Py:IDENTIFIER, Py:IDENTIFIER, Py:IDENTIFIER, Py:IDENTIFIER, Py:IDENTIFIER, Py:IDENTIFIER, Py:IDENTIFIER, Py:IDENTIFIER, Py:IDENTIFIER, Py:IDENTIFIER, Py:IDENTIFIER, Py:IDENTIFIER, Py:IDENTIFIER, Py:IDENTIFIER, Py:IDENTIFIER, Py:IDENTIFIER, Py:IDENTIFIER, Py:IDENTIFIER, Py:IDENTIFIER, Py:IDENTIFIER, Py:IDENTIFIER, Py:IDENTIFIER, Py:IDENTIFIER, Py:IDENTIFIER, Py:IDENTIFIER, Py:IDENTIFIER, Py:IDENTIFIER, Py:INTEGER_LITERAL, Py:IDENTIFIER, Py:IDENTIFIER, Py:IDENTIFIER, Py:IDENTIFIER, Py:IDENTIFIER, Py:IDENTIFIER, Py:IDENTIFIER, Py:IDENTIFIER, Py:SINGLE_QUOTED_STRING, Py:SINGLE_QUOTED_STRING, Py:IDENTIFIER, Py:IDENTIFIER, Py:IDENTIFIER, Py:IDENTIFIER, Py:IDENTIFIER, Py:IDENTIFIER, Py:IDENTIFIER, Py:IDENTIFIER, Py:INTEGER_LITERAL, Py:IDENTIFIER, Py:IDENTIFIER, Py:IDENTIFIER, Py:IDENTIFIER, Py:IDENTIFIER, Py:IDENTIFIER, Py:IDENTIFIER, Py:IDENTIFIER, Py:IDENTIFIER, Py:IDENTIFIER, Py:IDENTIFIER, Py:FALSE_KEYWORD, Py:IDENTIFIER, Py:IDENTIFIER, Py:IDENTIFIER, Py:IDENTIFIER, Py:IDENTIFIER, Py:IDENTIFIER, Py:IDENTIFIER, Py:IDENTIFIER, Py:IDENTIFIER, Py:IDENTIFIER, Py:IDENTIFIER, Py:IDENTIFIER, Py:IDENTIFIER, Py:IDENTIFIER, Py:IDENTIFIER, Py:IDENTIFIER, Py:IDENTIFIER, Py:IDENTIFIER, Py:IDENTIFIER, Py:IDENTIFIER, Py:IDENTIFIER, Py:IDENTIFIER, Py:IDENTIFIER, Py:IDENTIFIER, Py:IDENTIFIER, Py:IDENTIFIER, Py:IDENTIFIER, Py:IDENTIFIER, Py:IDENTIFIER, Py:IDENTIFIER, Py:IDENTIFIER, Py:IDENTIFIER, Py:IDENTIFIER, Py:INTEGER_LITERAL, Py:INTEGER_LITERAL, Py:INTEGER_LITERAL, Py:IDENTIFIER, Py:IDENTIFIER, Py:IDENTIFIER, Py:INTEGER_LITERAL, Py:INTEGER_LITERAL, Py:IDENTIFIER, Py:IDENTIFIER, Py:IDENTIFIER, Py:IDENTIFIER, Py:IDENTIFIER, Py:IDENTIFIER, Py:IDENTIFIER, Py:IDENTIFIER, Py:IDENTIFIER, Py:IDENTIFIER, Py:IDENTIFIER, Py:IDENTIFIER, Py:IDENTIFIER, Py:IDENTIFIER, Py:IDENTIFIER, Py:IDENTIFIER, Py:IDENTIFIER, Py:IDENTIFIER, Py:IDENTIFIER, Py:IDENTIFIER, Py:IDENTIFIER, Py:IDENTIFIER, Py:IDENTIFIER, Py:IDENTIFIER, Py:IDENTIFIER, Py:IDENTIFIER, Py:INTEGER_LITERAL, Py:INTEGER_LITERAL, Py:IDENTIFIER, Py:IDENTIFIER, Py:IDENTIFIER, Py:IDENTIFIER, Py:IDENTIFIER, Py:IDENTIFIER, Py:IDENTIFIER, Py:IDENTIFIER, Py:INTEGER_LITERAL, Py:INTEGER_LITERAL, Py:IDENTIFIER, Py:IDENTIFIER, Py:INTEGER_LITERAL, Py:INTEGER_LITERAL, Py:IDENTIFIER, Py:IDENTIFIER, Py:IDENTIFIER, Py:IDENTIFIER, Py:IDENTIFIER, Py:IDENTIFIER, Py:IDENTIFIER, Py:IDENTIFIER, Py:IDENTIFIER, Py:IDENTIFIER, Py:IDENTIFIER, Py:INTEGER_LITERAL, Py:INTEGER_LITERAL, Py:IDENTIFIER, Py:IDENTIFIER, Py:LPAR, Py:INTEGER_LITERAL, Py:INTEGER_LITERAL, Py:IDENTIFIER, Py:IDENTIFIER, Py:INTEGER_LITERAL, Py:INTEGER_LITERAL, Py:INTEGER_LITERAL, Py:IDENTIFIER, Py:IDENTIFIER, Py:IDENTIFIER, Py:IDENTIFIER, Py:IDENTIFIER, Py:IDENTIFIER, Py:IDENTIFIER, Py:IDENTIFIER, Py:IDENTIFIER, Py:IDENTIFIER, Py:INTEGER_LITERAL, Py:INTEGER_LITERAL, Py:IDENTIFIER, Py:IDENTIFIER, Py:INTEGER_LITERAL, Py:INTEGER_LITERAL, Py:IDENTIFIER, Py:IDENTIFIER, Py:IDENTIFIER, Py:IDENTIFIER, Py:SINGLE_QUOTED_STRING, Py:IDENTIFIER, Py:SINGLE_QUOTED_STRING, Py:IDENTIFIER, Py:SINGLE_QUOTED_STRING, Py:IDENTIFIER, Py:SINGLE_QUOTED_STRING, Py:IDENTIFIER, Py:IDENTIFIER, Py:IDENTIFIER, Py:IDENTIFIER, Py:IDENTIFIER, Py:IDENTIFIER, Py:INTEGER_LITERAL, Py:IDENTIFIER, Py:INTEGER_LITERAL, Py:INTEGER_LITERAL, Py:IDENTIFIER, Py:INTEGER_LITERAL, Py:IDENTIFIER, Py:INTEGER_LITERAL, Py:INTEGER_LITERAL, Py:IDENTIFIER, Py:LPAR, Py:IDENTIFIER, Py:IDENTIFIER, Py:IDENTIFIER, Py:IDENTIFIER, Py:IDENTIFIER, Py:IDENTIFIER, Py:IDENTIFIER, Py:IDENTIFIER, Py:IDENTIFIER, Py:IDENTIFIER, Py:IDENTIFIER, Py:IDENTIFIER, Py:IDENTIFIER, Py:IDENTIFIER, Py:IDENTIFIER, Py:IDENTIFIER, Py:IDENTIFIER, Py:IDENTIFIER, Py:IDENTIFIER, Py:SINGLE_QUOTED_STRING, Py:INTEGER_LITERAL, Py:FLOAT_LITERAL, Py:IDENTIFIER, Py:FALSE_KEYWORD, Py:IDENTIFIER, Py:IDENTIFIER, Py:IDENTIFIER, Py:IDENTIFIER, Py:INTEGER_LITERAL, Py:SINGLE_QUOTED_STRING, Py:INTEGER_LITERAL, Py:FLOAT_LITERAL, Py:IDENTIFIER, Py:FALSE_KEYWORD, Py:IDENTIFIER, Py:IDENTIFIER, Py:INTEGER_LITERAL, Py:SINGLE_QUOTED_STRING, Py:INTEGER_LITERAL, Py:FLOAT_LITERAL, Py:IDENTIFIER, Py:FALSE_KEYWORD, Py:IDENTIFIER, Py:IDENTIFIER, Py:IDENTIFIER, Py:IDENTIFIER, Py:INTEGER_LITERAL, Py:SINGLE_QUOTED_STRING, Py:INTEGER_LITERAL, Py:FLOAT_LITERAL, Py:IDENTIFIER, Py:FALSE_KEYWORD, Py:IDENTIFIER, Py:IDENTIFIER, Py:INTEGER_LITERAL, Py:SINGLE_QUOTED_STRING, Py:INTEGER_LITERAL, Py:FLOAT_LITERAL, Py:IDENTIFIER, Py:FALSE_KEYWORD, Py:IDENTIFIER, Py:IDENTIFIER, Py:IDENTIFIER, Py:IDENTIFIER, Py:IDENTIFIER, Py:SINGLE_QUOTED_STRING, Py:IDENTIFIER, Py:SINGLE_QUOTED_STRING, Py:IDENTIFIER, Py:SINGLE_QUOTED_STRING, Py:IDENTIFIER, Py:SINGLE_QUOTED_STRING, Py:IDENTIFIER, Py:SINGLE_QUOTED_STRING, Py:IDENTIFIER, Py:IDENTIFIER, Py:SINGLE_QUOTED_STRING, Py:IDENTIFIER, Py:SINGLE_QUOTED_STRING, Py:IDENTIFIER, Py:IDENTIFIER, Py:IDENTIFIER, Py:IDENTIFIER, Py:IDENTIFIER, Py:IDENTIFIER, Py:IDENTIFIER, Py:IDENTIFIER, Py:IDENTIFIER] WITH LENGTH 514
CLONE INDEXER BEFORE SEQUENCE SIZE 533INDEXED PYTHON [PyTargetExpression: np, PsiWhiteSpace, PyReferenceExpression: matplotlib, PyTargetExpression: plt, PsiWhiteSpace]
SEQUENCE org.jetbrains.research.cloneDetector.core.languagescope.python.PyIndexedSequence@34f619ab
INDEXED PYTHON [PyTargetExpression: np, PsiWhiteSpace, PyReferenceExpression: matplotlib, PyTargetExpression: plt, PsiWhiteSpace]
SEQUENCE AS LIST [Py:IDENTIFIER, Py:IDENTIFIER, Py:IDENTIFIER, Py:IDENTIFIER, Py:IDENTIFIER, Py:IDENTIFIER, Py:IDENTIFIER, Py:IDENTIFIER, Py:IDENTIFIER, Py:IDENTIFIER, Py:IDENTIFIER, Py:IDENTIFIER, Py:IDENTIFIER, Py:IDENTIFIER, Py:IDENTIFIER, Py:IDENTIFIER, Py:IDENTIFIER, Py:IDENTIFIER, Py:IDENTIFIER, Py:IDENTIFIER, Py:IDENTIFIER, Py:LPAR, Py:IDENTIFIER, Py:IDENTIFIER, Py:IDENTIFIER, Py:IDENTIFIER, Py:IDENTIFIER, Py:IDENTIFIER, Py:INTEGER_LITERAL, Py:INTEGER_LITERAL, Py:IDENTIFIER, Py:INTEGER_LITERAL, Py:INTEGER_LITERAL, Py:IDENTIFIER, Py:INTEGER_LITERAL, Py:INTEGER_LITERAL, Py:IDENTIFIER, Py:INTEGER_LITERAL, Py:INTEGER_LITERAL, Py:IDENTIFIER, Py:INTEGER_LITERAL, Py:INTEGER_LITERAL, Py:IDENTIFIER, Py:INTEGER_LITERAL, Py:INTEGER_LITERAL, Py:FALSE_KEYWORD, Py:IDENTIFIER, Py:IDENTIFIER, Py:IDENTIFIER, Py:IDENTIFIER, Py:IDENTIFIER, Py:IDENTIFIER, Py:IDENTIFIER, Py:PASS_KEYWORD, Py:IDENTIFIER, Py:PASS_KEYWORD, Py:IDENTIFIER, Py:IDENTIFIER, Py:IDENTIFIER, Py:IDENTIFIER, Py:IDENTIFIER, Py:IDENTIFIER, Py:IDENTIFIER, Py:IDENTIFIER, Py:IDENTIFIER, Py:IDENTIFIER, Py:IDENTIFIER, Py:IDENTIFIER, Py:IDENTIFIER, Py:IDENTIFIER, Py:IDENTIFIER, Py:IDENTIFIER, Py:IDENTIFIER, Py:IDENTIFIER, Py:IDENTIFIER, Py:IDENTIFIER, Py:IDENTIFIER, Py:IDENTIFIER, Py:IDENTIFIER, Py:IDENTIFIER, Py:IDENTIFIER, Py:IDENTIFIER, Py:IDENTIFIER, Py:IDENTIFIER, Py:IDENTIFIER, Py:IDENTIFIER, Py:IDENTIFIER, Py:IDENTIFIER, Py:IDENTIFIER, Py:IDENTIFIER, Py:IDENTIFIER, Py:IDENTIFIER, Py:IDENTIFIER, Py:IDENTIFIER, Py:IDENTIFIER, Py:IDENTIFIER, Py:IDENTIFIER, Py:IDENTIFIER, Py:IDENTIFIER, Py:IDENTIFIER, Py:IDENTIFIER, Py:IDENTIFIER, Py:IDENTIFIER, Py:IDENTIFIER, Py:IDENTIFIER, Py:IDENTIFIER, Py:IDENTIFIER, Py:IDENTIFIER, Py:IDENTIFIER, Py:IDENTIFIER, Py:IDENTIFIER, Py:IDENTIFIER, Py:IDENTIFIER, Py:IDENTIFIER, Py:IDENTIFIER, Py:IDENTIFIER, Py:IDENTIFIER, Py:IDENTIFIER, Py:LPAR, Py:IDENTIFIER, Py:IDENTIFIER, Py:IDENTIFIER, Py:IDENTIFIER, Py:IDENTIFIER, Py:SINGLE_QUOTED_STRING, Py:SINGLE_QUOTED_STRING, Py:SINGLE_QUOTED_STRING, Py:IDENTIFIER, Py:SINGLE_QUOTED_STRING, Py:SINGLE_QUOTED_STRING, Py:SINGLE_QUOTED_STRING, Py:IDENTIFIER, Py:IDENTIFIER, Py:IDENTIFIER, Py:IDENTIFIER, Py:IDENTIFIER, Py:LBRACE, Py:IDENTIFIER, Py:IDENTIFIER, Py:IDENTIFIER, Py:IDENTIFIER, Py:IDENTIFIER, Py:IDENTIFIER, Py:IDENTIFIER, Py:NONE_KEYWORD, Py:NONE_KEYWORD, Py:IDENTIFIER, Py:IDENTIFIER, Py:IDENTIFIER, Py:IDENTIFIER, Py:IDENTIFIER, Py:SINGLE_QUOTED_STRING, Py:IDENTIFIER, Py:IDENTIFIER, Py:IDENTIFIER, Py:SINGLE_QUOTED_STRING, Py:IDENTIFIER, Py:IDENTIFIER, Py:IDENTIFIER, Py:SINGLE_QUOTED_STRING, Py:IDENTIFIER, Py:IDENTIFIER, Py:SINGLE_QUOTED_STRING, Py:IDENTIFIER, Py:IDENTIFIER, Py:SINGLE_QUOTED_STRING, Py:IDENTIFIER, Py:IDENTIFIER, Py:IDENTIFIER, Py:SINGLE_QUOTED_STRING, Py:IDENTIFIER, Py:IDENTIFIER, Py:IDENTIFIER, Py:SINGLE_QUOTED_STRING, Py:IDENTIFIER, Py:IDENTIFIER, Py:IDENTIFIER, Py:SINGLE_QUOTED_STRING, Py:IDENTIFIER, Py:IDENTIFIER, Py:IDENTIFIER, Py:SINGLE_QUOTED_STRING, Py:IDENTIFIER, Py:IDENTIFIER, Py:IDENTIFIER, Py:SINGLE_QUOTED_STRING, Py:IDENTIFIER, Py:IDENTIFIER, Py:IDENTIFIER, Py:IDENTIFIER, Py:IDENTIFIER, Py:INTEGER_LITERAL, Py:IDENTIFIER, Py:IDENTIFIER, Py:IDENTIFIER, Py:IDENTIFIER, Py:IDENTIFIER, Py:IDENTIFIER, Py:INTEGER_LITERAL, Py:IDENTIFIER, Py:IDENTIFIER, Py:IDENTIFIER, Py:IDENTIFIER, Py:INTEGER_LITERAL, Py:INTEGER_LITERAL, Py:INTEGER_LITERAL, Py:IDENTIFIER, Py:IDENTIFIER, Py:IDENTIFIER, Py:IDENTIFIER, Py:IDENTIFIER, Py:IDENTIFIER, Py:INTEGER_LITERAL, Py:IDENTIFIER, Py:IDENTIFIER, Py:IDENTIFIER, Py:IDENTIFIER, Py:IDENTIFIER, Py:IDENTIFIER, Py:IDENTIFIER, Py:IDENTIFIER, Py:IDENTIFIER, Py:IDENTIFIER, Py:IDENTIFIER, Py:IDENTIFIER, Py:IDENTIFIER, Py:IDENTIFIER, Py:IDENTIFIER, Py:IDENTIFIER, Py:IDENTIFIER, Py:IDENTIFIER, Py:IDENTIFIER, Py:IDENTIFIER, Py:IDENTIFIER, Py:IDENTIFIER, Py:IDENTIFIER, Py:IDENTIFIER, Py:IDENTIFIER, Py:IDENTIFIER, Py:IDENTIFIER, Py:IDENTIFIER, Py:IDENTIFIER, Py:IDENTIFIER, Py:IDENTIFIER, Py:INTEGER_LITERAL, Py:IDENTIFIER, Py:IDENTIFIER, Py:IDENTIFIER, Py:IDENTIFIER, Py:IDENTIFIER, Py:IDENTIFIER, Py:IDENTIFIER, Py:IDENTIFIER, Py:SINGLE_QUOTED_STRING, Py:SINGLE_QUOTED_STRING, Py:IDENTIFIER, Py:IDENTIFIER, Py:IDENTIFIER, Py:IDENTIFIER, Py:IDENTIFIER, Py:IDENTIFIER, Py:IDENTIFIER, Py:IDENTIFIER, Py:INTEGER_LITERAL, Py:IDENTIFIER, Py:IDENTIFIER, Py:IDENTIFIER, Py:IDENTIFIER, Py:IDENTIFIER, Py:IDENTIFIER, Py:IDENTIFIER, Py:IDENTIFIER, Py:IDENTIFIER, Py:IDENTIFIER, Py:IDENTIFIER, Py:FALSE_KEYWORD, Py:IDENTIFIER, Py:IDENTIFIER, Py:IDENTIFIER, Py:IDENTIFIER, Py:IDENTIFIER, Py:IDENTIFIER, Py:IDENTIFIER, Py:IDENTIFIER, Py:IDENTIFIER, Py:IDENTIFIER, Py:IDENTIFIER, Py:IDENTIFIER, Py:IDENTIFIER, Py:IDENTIFIER, Py:IDENTIFIER, Py:IDENTIFIER, Py:IDENTIFIER, Py:IDENTIFIER, Py:IDENTIFIER, Py:IDENTIFIER, Py:IDENTIFIER, Py:IDENTIFIER, Py:IDENTIFIER, Py:IDENTIFIER, Py:IDENTIFIER, Py:IDENTIFIER, Py:IDENTIFIER, Py:IDENTIFIER, Py:IDENTIFIER, Py:IDENTIFIER, Py:IDENTIFIER, Py:IDENTIFIER, Py:IDENTIFIER, Py:INTEGER_LITERAL, Py:INTEGER_LITERAL, Py:INTEGER_LITERAL, Py:IDENTIFIER, Py:IDENTIFIER, Py:IDENTIFIER, Py:INTEGER_LITERAL, Py:INTEGER_LITERAL, Py:IDENTIFIER, Py:IDENTIFIER, Py:IDENTIFIER, Py:IDENTIFIER, Py:IDENTIFIER, Py:IDENTIFIER, Py:IDENTIFIER, Py:IDENTIFIER, Py:IDENTIFIER, Py:IDENTIFIER, Py:IDENTIFIER, Py:IDENTIFIER, Py:IDENTIFIER, Py:IDENTIFIER, Py:IDENTIFIER, Py:IDENTIFIER, Py:IDENTIFIER, Py:IDENTIFIER, Py:IDENTIFIER, Py:IDENTIFIER, Py:IDENTIFIER, Py:IDENTIFIER, Py:IDENTIFIER, Py:IDENTIFIER, Py:IDENTIFIER, Py:IDENTIFIER, Py:INTEGER_LITERAL, Py:INTEGER_LITERAL, Py:IDENTIFIER, Py:IDENTIFIER, Py:IDENTIFIER, Py:IDENTIFIER, Py:IDENTIFIER, Py:IDENTIFIER, Py:IDENTIFIER, Py:IDENTIFIER, Py:INTEGER_LITERAL, Py:INTEGER_LITERAL, Py:IDENTIFIER, Py:IDENTIFIER, Py:INTEGER_LITERAL, Py:INTEGER_LITERAL, Py:IDENTIFIER, Py:IDENTIFIER, Py:IDENTIFIER, Py:IDENTIFIER, Py:IDENTIFIER, Py:IDENTIFIER, Py:IDENTIFIER, Py:IDENTIFIER, Py:IDENTIFIER, Py:IDENTIFIER, Py:IDENTIFIER, Py:INTEGER_LITERAL, Py:INTEGER_LITERAL, Py:IDENTIFIER, Py:IDENTIFIER, Py:LPAR, Py:INTEGER_LITERAL, Py:INTEGER_LITERAL, Py:IDENTIFIER, Py:IDENTIFIER, Py:INTEGER_LITERAL, Py:INTEGER_LITERAL, Py:INTEGER_LITERAL, Py:IDENTIFIER, Py:IDENTIFIER, Py:IDENTIFIER, Py:IDENTIFIER, Py:IDENTIFIER, Py:IDENTIFIER, Py:IDENTIFIER, Py:IDENTIFIER, Py:IDENTIFIER, Py:IDENTIFIER, Py:INTEGER_LITERAL, Py:INTEGER_LITERAL, Py:IDENTIFIER, Py:IDENTIFIER, Py:INTEGER_LITERAL, Py:INTEGER_LITERAL, Py:IDENTIFIER, Py:IDENTIFIER, Py:IDENTIFIER, Py:IDENTIFIER, Py:SINGLE_QUOTED_STRING, Py:IDENTIFIER, Py:SINGLE_QUOTED_STRING, Py:IDENTIFIER, Py:SINGLE_QUOTED_STRING, Py:IDENTIFIER, Py:SINGLE_QUOTED_STRING, Py:IDENTIFIER, Py:IDENTIFIER, Py:IDENTIFIER, Py:IDENTIFIER, Py:IDENTIFIER, Py:IDENTIFIER, Py:INTEGER_LITERAL, Py:IDENTIFIER, Py:INTEGER_LITERAL, Py:INTEGER_LITERAL, Py:IDENTIFIER, Py:INTEGER_LITERAL, Py:IDENTIFIER, Py:INTEGER_LITERAL, Py:INTEGER_LITERAL, Py:IDENTIFIER, Py:LPAR, Py:IDENTIFIER, Py:IDENTIFIER, Py:IDENTIFIER, Py:IDENTIFIER, Py:IDENTIFIER, Py:IDENTIFIER, Py:IDENTIFIER, Py:IDENTIFIER, Py:IDENTIFIER, Py:IDENTIFIER, Py:IDENTIFIER, Py:IDENTIFIER, Py:IDENTIFIER, Py:IDENTIFIER, Py:IDENTIFIER, Py:IDENTIFIER, Py:IDENTIFIER, Py:IDENTIFIER, Py:IDENTIFIER, Py:SINGLE_QUOTED_STRING, Py:INTEGER_LITERAL, Py:FLOAT_LITERAL, Py:IDENTIFIER, Py:FALSE_KEYWORD, Py:IDENTIFIER, Py:IDENTIFIER, Py:IDENTIFIER, Py:IDENTIFIER, Py:INTEGER_LITERAL, Py:SINGLE_QUOTED_STRING, Py:INTEGER_LITERAL, Py:FLOAT_LITERAL, Py:IDENTIFIER, Py:FALSE_KEYWORD, Py:IDENTIFIER, Py:IDENTIFIER, Py:INTEGER_LITERAL, Py:SINGLE_QUOTED_STRING, Py:INTEGER_LITERAL, Py:FLOAT_LITERAL, Py:IDENTIFIER, Py:FALSE_KEYWORD, Py:IDENTIFIER, Py:IDENTIFIER, Py:IDENTIFIER, Py:IDENTIFIER, Py:INTEGER_LITERAL, Py:SINGLE_QUOTED_STRING, Py:INTEGER_LITERAL, Py:FLOAT_LITERAL, Py:IDENTIFIER, Py:FALSE_KEYWORD, Py:IDENTIFIER, Py:IDENTIFIER, Py:INTEGER_LITERAL, Py:SINGLE_QUOTED_STRING, Py:INTEGER_LITERAL, Py:FLOAT_LITERAL, Py:IDENTIFIER, Py:FALSE_KEYWORD, Py:IDENTIFIER, Py:IDENTIFIER, Py:IDENTIFIER, Py:IDENTIFIER, Py:IDENTIFIER, Py:SINGLE_QUOTED_STRING, Py:IDENTIFIER, Py:SINGLE_QUOTED_STRING, Py:IDENTIFIER, Py:SINGLE_QUOTED_STRING, Py:IDENTIFIER, Py:SINGLE_QUOTED_STRING, Py:IDENTIFIER, Py:SINGLE_QUOTED_STRING, Py:IDENTIFIER, Py:IDENTIFIER, Py:SINGLE_QUOTED_STRING, Py:IDENTIFIER, Py:SINGLE_QUOTED_STRING, Py:IDENTIFIER, Py:IDENTIFIER, Py:IDENTIFIER, Py:IDENTIFIER, Py:IDENTIFIER, Py:IDENTIFIER, Py:IDENTIFIER, Py:IDENTIFIER, Py:IDENTIFIER] WITH LENGTH 514
]]></system-out>
  <system-err><![CDATA[log4j:WARN No appenders could be found for logger (#com.intellij.ide.plugins.PluginManager).
log4j:WARN Please initialize the log4j system properly.
log4j:WARN See http://logging.apache.org/log4j/1.2/faq.html#noconfig for more info.
SLF4J: Class path contains multiple SLF4J bindings.
SLF4J: Found binding in [jar:file:/Users/konstantingrotov/.gradle/caches/modules-2/files-2.1/com.jetbrains.intellij.idea/ideaIC/212.5080.55/fb8e0c8f941235e03802029fb64f458df3d2823c/ideaIC-212.5080.55/lib/slf4j.jar!/org/slf4j/impl/StaticLoggerBinder.class]
SLF4J: Found binding in [jar:file:/Users/konstantingrotov/.gradle/caches/modules-2/files-2.1/com.jetbrains.intellij.idea/ideaIC/212.5080.55/fb8e0c8f941235e03802029fb64f458df3d2823c/ideaIC-212.5080.55/plugins/maven/lib/maven36-server.jar!/org/slf4j/impl/StaticLoggerBinder.class]
SLF4J: Found binding in [jar:file:/Users/konstantingrotov/.gradle/caches/modules-2/files-2.1/org.apache.logging.log4j/log4j-slf4j-impl/2.17.0/1ec25ce0254749c94549ea9c3cea34bd0488c9c6/log4j-slf4j-impl-2.17.0.jar!/org/slf4j/impl/StaticLoggerBinder.class]
SLF4J: See http://www.slf4j.org/codes.html#multiple_bindings for an explanation.
SLF4J: Actual binding is of type [org.slf4j.impl.Log4jLoggerFactory]
]]></system-err>
</testsuite>
