<?xml version="1.0" encoding="UTF-8"?>
<testsuite name="org.jetbrains.research.cloneDetector.core.TreeClonesTest" tests="1" skipped="0" failures="0" errors="0" timestamp="2022-04-26T14:20:28" hostname="MacBook-Air-Konstantin.local" time="6.803">
  <properties/>
  <testcase name="testClonesSize" classname="org.jetbrains.research.cloneDetector.core.TreeClonesTest" time="6.803"/>
  <system-out><![CDATA[Patching ThreadTracker was successful
(1)
notebook19.py
[WHITE_SPACE]
[WHITE_SPACE]
(2)
notebook29.py
[WHITE_SPACE]
[WHITE_SPACE]
(3)
notebook39.py
[WHITE_SPACE]
[WHITE_SPACE]
(4)
notebook28.py
[WHITE_SPACE]
[WHITE_SPACE]
(5)
notebook38.py
[WHITE_SPACE]
[WHITE_SPACE]
(7)
notebook18.py
[WHITE_SPACE]
[WHITE_SPACE]
(8)
notebook27.py
[WHITE_SPACE]
[WHITE_SPACE]
(9)
notebook13.py
[WHITE_SPACE]
[WHITE_SPACE]
(10)
notebook4.py
[WHITE_SPACE]
[WHITE_SPACE]
(11)
SimpleFile.py
[Py:FOR_KEYWORD, WHITE_SPACE, Py:IDENTIFIER, WHITE_SPACE, Py:IN_KEYWORD, WHITE_SPACE, Py:IDENTIFIER, Py:LPAR, Py:INTEGER_LITERAL, Py:RPAR, Py:COLON, WHITE_SPACE, Py:IF_KEYWORD, WHITE_SPACE, Py:IDENTIFIER, WHITE_SPACE, Py:PERC, WHITE_SPACE, Py:INTEGER_LITERAL, Py:COLON, WHITE_SPACE, Py:IDENTIFIER, WHITE_SPACE, Py:PLUSEQ, WHITE_SPACE, Py:SINGLE_QUOTED_STRING]
[Py:FOR_KEYWORD, WHITE_SPACE, Py:IDENTIFIER, WHITE_SPACE, Py:IN_KEYWORD, WHITE_SPACE, Py:IDENTIFIER, Py:LPAR, Py:INTEGER_LITERAL, Py:RPAR, Py:COLON, WHITE_SPACE, Py:IF_KEYWORD, WHITE_SPACE, Py:IDENTIFIER, WHITE_SPACE, Py:PERC, WHITE_SPACE, Py:INTEGER_LITERAL, Py:COLON, WHITE_SPACE, Py:IDENTIFIER, WHITE_SPACE, Py:PLUSEQ, WHITE_SPACE, Py:SINGLE_QUOTED_STRING]
(12)
notebook37.py
[WHITE_SPACE]
[WHITE_SPACE]
(13)
notebook17.py
[WHITE_SPACE]
[WHITE_SPACE]
(14)
notebook23.py
[WHITE_SPACE]
[WHITE_SPACE]
(15)
SimpleFile3.py
[Py:DEF_KEYWORD, WHITE_SPACE, Py:IDENTIFIER, Py:LPAR, Py:IDENTIFIER, Py:COMMA, WHITE_SPACE, Py:IDENTIFIER, Py:COMMA, WHITE_SPACE, Py:IDENTIFIER, Py:RPAR, Py:COLON, WHITE_SPACE, Py:IDENTIFIER, WHITE_SPACE, Py:EQ, WHITE_SPACE, Py:IDENTIFIER, Py:LPAR, Py:IDENTIFIER, Py:COMMA, WHITE_SPACE, Py:IDENTIFIER, Py:COMMA, WHITE_SPACE, Py:IDENTIFIER, Py:LBRACKET, Py:SINGLE_QUOTED_STRING, Py:RBRACKET, Py:RPAR, WHITE_SPACE, Py:IDENTIFIER, Py:COMMA, WHITE_SPACE, Py:IDENTIFIER, WHITE_SPACE, Py:EQ, WHITE_SPACE, Py:IDENTIFIER, Py:LPAR, Py:IDENTIFIER, Py:COMMA, WHITE_SPACE, Py:IDENTIFIER, Py:COMMA, WHITE_SPACE, Py:IDENTIFIER, Py:COMMA, WHITE_SPACE, Py:IDENTIFIER, Py:EQ, Py:INTEGER_LITERAL, Py:COMMA, WHITE_SPACE, Py:IDENTIFIER, Py:EQ, Py:SINGLE_QUOTED_STRING, Py:COMMA, WHITE_SPACE, Py:IDENTIFIER, Py:EQ, Py:SINGLE_QUOTED_STRING, Py:RPAR, WHITE_SPACE, Py:IDENTIFIER, WHITE_SPACE, Py:EQ, WHITE_SPACE, Py:IDENTIFIER, Py:LPAR, Py:IDENTIFIER, Py:COMMA, WHITE_SPACE, Py:IDENTIFIER, Py:COMMA, WHITE_SPACE, Py:IDENTIFIER, Py:LBRACKET, Py:SINGLE_QUOTED_STRING, Py:RBRACKET, Py:RPAR, WHITE_SPACE, Py:IDENTIFIER, Py:COMMA, WHITE_SPACE, Py:IDENTIFIER, WHITE_SPACE, Py:EQ, WHITE_SPACE, Py:IDENTIFIER, Py:LPAR, Py:IDENTIFIER, Py:COMMA, WHITE_SPACE, Py:IDENTIFIER, Py:COMMA, WHITE_SPACE, Py:IDENTIFIER, Py:COMMA, WHITE_SPACE, Py:IDENTIFIER, Py:EQ, Py:INTEGER_LITERAL, Py:COMMA, WHITE_SPACE, Py:IDENTIFIER, Py:EQ, Py:SINGLE_QUOTED_STRING, Py:COMMA, WHITE_SPACE, Py:IDENTIFIER, Py:EQ, Py:SINGLE_QUOTED_STRING, Py:RPAR, WHITE_SPACE, Py:IDENTIFIER, WHITE_SPACE, Py:EQ, WHITE_SPACE, Py:IDENTIFIER, Py:LPAR, Py:IDENTIFIER, Py:COMMA, WHITE_SPACE, Py:IDENTIFIER, Py:COMMA, WHITE_SPACE, Py:IDENTIFIER, Py:LBRACKET, Py:SINGLE_QUOTED_STRING, Py:RBRACKET, Py:RPAR, WHITE_SPACE, Py:IDENTIFIER, Py:COMMA, WHITE_SPACE, Py:IDENTIFIER, WHITE_SPACE, Py:EQ, WHITE_SPACE, Py:IDENTIFIER, Py:LPAR, Py:IDENTIFIER, Py:COMMA, WHITE_SPACE, Py:IDENTIFIER, Py:COMMA, WHITE_SPACE, Py:IDENTIFIER, Py:COMMA, WHITE_SPACE, Py:IDENTIFIER, Py:EQ, Py:INTEGER_LITERAL, Py:COMMA, WHITE_SPACE, Py:IDENTIFIER, Py:EQ, Py:SINGLE_QUOTED_STRING, Py:COMMA, WHITE_SPACE, Py:IDENTIFIER, Py:EQ, Py:SINGLE_QUOTED_STRING, Py:RPAR, WHITE_SPACE, Py:IDENTIFIER, WHITE_SPACE, Py:EQ, WHITE_SPACE, Py:LBRACKET, Py:IDENTIFIER, WHITE_SPACE, Py:FOR_KEYWORD, WHITE_SPACE, Py:IDENTIFIER, WHITE_SPACE, Py:IN_KEYWORD, WHITE_SPACE, Py:IDENTIFIER, Py:DOT, Py:IDENTIFIER, Py:LPAR, Py:RPAR, Py:RBRACKET, Py:LBRACKET, Py:INTEGER_LITERAL, Py:COLON, Py:MINUS, Py:INTEGER_LITERAL, Py:RBRACKET, WHITE_SPACE, Py:IDENTIFIER, WHITE_SPACE, Py:PLUSEQ, WHITE_SPACE, Py:LBRACKET, Py:IDENTIFIER, WHITE_SPACE, Py:FOR_KEYWORD, WHITE_SPACE, Py:IDENTIFIER, WHITE_SPACE, Py:IN_KEYWORD, WHITE_SPACE, Py:IDENTIFIER, Py:DOT, Py:IDENTIFIER, Py:LPAR, Py:RPAR, Py:RBRACKET, Py:LBRACKET, Py:INTEGER_LITERAL, Py:COLON, Py:MINUS, Py:INTEGER_LITERAL, Py:RBRACKET, WHITE_SPACE, Py:IDENTIFIER, WHITE_SPACE, Py:EQ, WHITE_SPACE, Py:IDENTIFIER, Py:LPAR, Py:IDENTIFIER, Py:COMMA, WHITE_SPACE, Py:IDENTIFIER, Py:COMMA, WHITE_SPACE, Py:IDENTIFIER, Py:RPAR, WHITE_SPACE, Py:IDENTIFIER, WHITE_SPACE, Py:EQ, WHITE_SPACE, Py:LBRACKET, WHITE_SPACE, Py:LBRACE, WHITE_SPACE, Py:SINGLE_QUOTED_STRING, Py:COLON, WHITE_SPACE, Py:IDENTIFIER, Py:LBRACKET, Py:INTEGER_LITERAL, Py:RBRACKET, Py:LBRACKET, Py:SINGLE_QUOTED_STRING, Py:RBRACKET, Py:COMMA, WHITE_SPACE, Py:SINGLE_QUOTED_STRING, Py:COLON, WHITE_SPACE, Py:LPAR, Py:IDENTIFIER, Py:LBRACKET, Py:INTEGER_LITERAL, Py:RBRACKET, Py:LBRACKET, Py:SINGLE_QUOTED_STRING, Py:RBRACKET, Py:COMMA, WHITE_SPACE, Py:IDENTIFIER, Py:LBRACKET, Py:INTEGER_LITERAL, Py:RBRACKET, Py:LBRACKET, Py:SINGLE_QUOTED_STRING, Py:RBRACKET, Py:RPAR, WHITE_SPACE, Py:RBRACE, WHITE_SPACE, Py:FOR_KEYWORD, WHITE_SPACE, Py:IDENTIFIER, WHITE_SPACE, Py:IN_KEYWORD, WHITE_SPACE, Py:IDENTIFIER, WHITE_SPACE, Py:RBRACKET, WHITE_SPACE, Py:FOR_KEYWORD, WHITE_SPACE, Py:IDENTIFIER, WHITE_SPACE, Py:IN_KEYWORD, WHITE_SPACE, Py:IDENTIFIER, Py:COLON, WHITE_SPACE, Py:IDENTIFIER, WHITE_SPACE, Py:EQ, WHITE_SPACE, Py:IDENTIFIER, Py:LBRACKET, Py:SINGLE_QUOTED_STRING, Py:RBRACKET, WHITE_SPACE, Py:IDENTIFIER, Py:COMMA, WHITE_SPACE, Py:IDENTIFIER, WHITE_SPACE, Py:EQ, WHITE_SPACE, Py:IDENTIFIER, Py:LPAR, WHITE_SPACE, Py:IDENTIFIER, Py:COMMA, WHITE_SPACE, Py:IDENTIFIER, Py:COMMA, WHITE_SPACE, Py:IDENTIFIER, Py:COMMA, WHITE_SPACE, Py:IDENTIFIER, Py:EQ, Py:INTEGER_LITERAL, Py:COMMA, WHITE_SPACE, Py:IDENTIFIER, Py:EQ, Py:SINGLE_QUOTED_STRING, Py:COMMA, WHITE_SPACE, Py:IDENTIFIER, Py:EQ, Py:SINGLE_QUOTED_STRING, WHITE_SPACE, Py:RPAR, WHITE_SPACE, Py:IDENTIFIER, WHITE_SPACE, Py:EQ, WHITE_SPACE, Py:IDENTIFIER, Py:LPAR, Py:IDENTIFIER, Py:COMMA, WHITE_SPACE, Py:IDENTIFIER, Py:COMMA, WHITE_SPACE, Py:IDENTIFIER, Py:LBRACKET, Py:SINGLE_QUOTED_STRING, Py:RBRACKET, Py:RPAR, WHITE_SPACE, Py:IDENTIFIER, Py:COMMA, WHITE_SPACE, Py:IDENTIFIER, WHITE_SPACE, Py:EQ, WHITE_SPACE, Py:IDENTIFIER, Py:LPAR, WHITE_SPACE, Py:IDENTIFIER, Py:COMMA, WHITE_SPACE, Py:IDENTIFIER, Py:COMMA, WHITE_SPACE, Py:IDENTIFIER, Py:COMMA, WHITE_SPACE, Py:IDENTIFIER, Py:EQ, Py:INTEGER_LITERAL, Py:COMMA, WHITE_SPACE, Py:IDENTIFIER, Py:EQ, Py:SINGLE_QUOTED_STRING, Py:COMMA, WHITE_SPACE, Py:IDENTIFIER, Py:EQ, Py:SINGLE_QUOTED_STRING, Py:COMMA, WHITE_SPACE, Py:IDENTIFIER, Py:EQ, Py:INTEGER_LITERAL, WHITE_SPACE, Py:RPAR, WHITE_SPACE, Py:RETURN_KEYWORD, WHITE_SPACE, Py:IDENTIFIER, Py:COMMA, WHITE_SPACE, Py:IDENTIFIER]
[Py:DEF_KEYWORD, WHITE_SPACE, Py:IDENTIFIER, Py:LPAR, Py:IDENTIFIER, Py:COMMA, WHITE_SPACE, Py:IDENTIFIER, Py:COMMA, WHITE_SPACE, Py:IDENTIFIER, Py:RPAR, Py:COLON, WHITE_SPACE, Py:IDENTIFIER, WHITE_SPACE, Py:EQ, WHITE_SPACE, Py:IDENTIFIER, Py:LPAR, Py:IDENTIFIER, Py:COMMA, WHITE_SPACE, Py:IDENTIFIER, Py:COMMA, WHITE_SPACE, Py:IDENTIFIER, Py:LBRACKET, Py:SINGLE_QUOTED_STRING, Py:RBRACKET, Py:RPAR, WHITE_SPACE, Py:IDENTIFIER, Py:COMMA, WHITE_SPACE, Py:IDENTIFIER, WHITE_SPACE, Py:EQ, WHITE_SPACE, Py:IDENTIFIER, Py:LPAR, Py:IDENTIFIER, Py:COMMA, WHITE_SPACE, Py:IDENTIFIER, Py:COMMA, WHITE_SPACE, Py:IDENTIFIER, Py:COMMA, WHITE_SPACE, Py:IDENTIFIER, Py:EQ, Py:INTEGER_LITERAL, Py:COMMA, WHITE_SPACE, Py:IDENTIFIER, Py:EQ, Py:SINGLE_QUOTED_STRING, Py:COMMA, WHITE_SPACE, Py:IDENTIFIER, Py:EQ, Py:SINGLE_QUOTED_STRING, Py:RPAR, WHITE_SPACE, Py:IDENTIFIER, WHITE_SPACE, Py:EQ, WHITE_SPACE, Py:IDENTIFIER, Py:LPAR, Py:IDENTIFIER, Py:COMMA, WHITE_SPACE, Py:IDENTIFIER, Py:COMMA, WHITE_SPACE, Py:IDENTIFIER, Py:LBRACKET, Py:SINGLE_QUOTED_STRING, Py:RBRACKET, Py:RPAR, WHITE_SPACE, Py:IDENTIFIER, Py:COMMA, WHITE_SPACE, Py:IDENTIFIER, WHITE_SPACE, Py:EQ, WHITE_SPACE, Py:IDENTIFIER, Py:LPAR, Py:IDENTIFIER, Py:COMMA, WHITE_SPACE, Py:IDENTIFIER, Py:COMMA, WHITE_SPACE, Py:IDENTIFIER, Py:COMMA, WHITE_SPACE, Py:IDENTIFIER, Py:EQ, Py:INTEGER_LITERAL, Py:COMMA, WHITE_SPACE, Py:IDENTIFIER, Py:EQ, Py:SINGLE_QUOTED_STRING, Py:COMMA, WHITE_SPACE, Py:IDENTIFIER, Py:EQ, Py:SINGLE_QUOTED_STRING, Py:RPAR, WHITE_SPACE, Py:IDENTIFIER, WHITE_SPACE, Py:EQ, WHITE_SPACE, Py:IDENTIFIER, Py:LPAR, Py:IDENTIFIER, Py:COMMA, WHITE_SPACE, Py:IDENTIFIER, Py:COMMA, WHITE_SPACE, Py:IDENTIFIER, Py:LBRACKET, Py:SINGLE_QUOTED_STRING, Py:RBRACKET, Py:RPAR, WHITE_SPACE, Py:IDENTIFIER, Py:COMMA, WHITE_SPACE, Py:IDENTIFIER, WHITE_SPACE, Py:EQ, WHITE_SPACE, Py:IDENTIFIER, Py:LPAR, Py:IDENTIFIER, Py:COMMA, WHITE_SPACE, Py:IDENTIFIER, Py:COMMA, WHITE_SPACE, Py:IDENTIFIER, Py:COMMA, WHITE_SPACE, Py:IDENTIFIER, Py:EQ, Py:INTEGER_LITERAL, Py:COMMA, WHITE_SPACE, Py:IDENTIFIER, Py:EQ, Py:SINGLE_QUOTED_STRING, Py:COMMA, WHITE_SPACE, Py:IDENTIFIER, Py:EQ, Py:SINGLE_QUOTED_STRING, Py:RPAR, WHITE_SPACE, Py:IDENTIFIER, WHITE_SPACE, Py:EQ, WHITE_SPACE, Py:LBRACKET, Py:IDENTIFIER, WHITE_SPACE, Py:FOR_KEYWORD, WHITE_SPACE, Py:IDENTIFIER, WHITE_SPACE, Py:IN_KEYWORD, WHITE_SPACE, Py:IDENTIFIER, Py:DOT, Py:IDENTIFIER, Py:LPAR, Py:RPAR, Py:RBRACKET, Py:LBRACKET, Py:INTEGER_LITERAL, Py:COLON, Py:MINUS, Py:INTEGER_LITERAL, Py:RBRACKET, WHITE_SPACE, Py:IDENTIFIER, WHITE_SPACE, Py:PLUSEQ, WHITE_SPACE, Py:LBRACKET, Py:IDENTIFIER, WHITE_SPACE, Py:FOR_KEYWORD, WHITE_SPACE, Py:IDENTIFIER, WHITE_SPACE, Py:IN_KEYWORD, WHITE_SPACE, Py:IDENTIFIER, Py:DOT, Py:IDENTIFIER, Py:LPAR, Py:RPAR, Py:RBRACKET, Py:LBRACKET, Py:INTEGER_LITERAL, Py:COLON, Py:MINUS, Py:INTEGER_LITERAL, Py:RBRACKET, WHITE_SPACE, Py:IDENTIFIER, WHITE_SPACE, Py:EQ, WHITE_SPACE, Py:IDENTIFIER, Py:LPAR, Py:IDENTIFIER, Py:COMMA, WHITE_SPACE, Py:IDENTIFIER, Py:COMMA, WHITE_SPACE, Py:IDENTIFIER, Py:RPAR, WHITE_SPACE, Py:IDENTIFIER, WHITE_SPACE, Py:EQ, WHITE_SPACE, Py:LBRACKET, WHITE_SPACE, Py:LBRACE, WHITE_SPACE, Py:SINGLE_QUOTED_STRING, Py:COLON, WHITE_SPACE, Py:IDENTIFIER, Py:LBRACKET, Py:INTEGER_LITERAL, Py:RBRACKET, Py:LBRACKET, Py:SINGLE_QUOTED_STRING, Py:RBRACKET, Py:COMMA, WHITE_SPACE, Py:SINGLE_QUOTED_STRING, Py:COLON, WHITE_SPACE, Py:LPAR, Py:IDENTIFIER, Py:LBRACKET, Py:INTEGER_LITERAL, Py:RBRACKET, Py:LBRACKET, Py:SINGLE_QUOTED_STRING, Py:RBRACKET, Py:COMMA, WHITE_SPACE, Py:IDENTIFIER, Py:LBRACKET, Py:INTEGER_LITERAL, Py:RBRACKET, Py:LBRACKET, Py:SINGLE_QUOTED_STRING, Py:RBRACKET, Py:RPAR, WHITE_SPACE, Py:RBRACE, WHITE_SPACE, Py:FOR_KEYWORD, WHITE_SPACE, Py:IDENTIFIER, WHITE_SPACE, Py:IN_KEYWORD, WHITE_SPACE, Py:IDENTIFIER, WHITE_SPACE, Py:RBRACKET, WHITE_SPACE, Py:FOR_KEYWORD, WHITE_SPACE, Py:IDENTIFIER, WHITE_SPACE, Py:IN_KEYWORD, WHITE_SPACE, Py:IDENTIFIER, Py:COLON, WHITE_SPACE, Py:IDENTIFIER, WHITE_SPACE, Py:EQ, WHITE_SPACE, Py:IDENTIFIER, Py:LBRACKET, Py:SINGLE_QUOTED_STRING, Py:RBRACKET, WHITE_SPACE, Py:IDENTIFIER, Py:COMMA, WHITE_SPACE, Py:IDENTIFIER, WHITE_SPACE, Py:EQ, WHITE_SPACE, Py:IDENTIFIER, Py:LPAR, WHITE_SPACE, Py:IDENTIFIER, Py:COMMA, WHITE_SPACE, Py:IDENTIFIER, Py:COMMA, WHITE_SPACE, Py:IDENTIFIER, Py:COMMA, WHITE_SPACE, Py:IDENTIFIER, Py:EQ, Py:INTEGER_LITERAL, Py:COMMA, WHITE_SPACE, Py:IDENTIFIER, Py:EQ, Py:SINGLE_QUOTED_STRING, Py:COMMA, WHITE_SPACE, Py:IDENTIFIER, Py:EQ, Py:SINGLE_QUOTED_STRING, WHITE_SPACE, Py:RPAR, WHITE_SPACE, Py:IDENTIFIER, WHITE_SPACE, Py:EQ, WHITE_SPACE, Py:IDENTIFIER, Py:LPAR, Py:IDENTIFIER, Py:COMMA, WHITE_SPACE, Py:IDENTIFIER, Py:COMMA, WHITE_SPACE, Py:IDENTIFIER, Py:LBRACKET, Py:SINGLE_QUOTED_STRING, Py:RBRACKET, Py:RPAR, WHITE_SPACE, Py:IDENTIFIER, Py:COMMA, WHITE_SPACE, Py:IDENTIFIER, WHITE_SPACE, Py:EQ, WHITE_SPACE, Py:IDENTIFIER, Py:LPAR, WHITE_SPACE, Py:IDENTIFIER, Py:COMMA, WHITE_SPACE, Py:IDENTIFIER, Py:COMMA, WHITE_SPACE, Py:IDENTIFIER, Py:COMMA, WHITE_SPACE, Py:IDENTIFIER, Py:EQ, Py:INTEGER_LITERAL, Py:COMMA, WHITE_SPACE, Py:IDENTIFIER, Py:EQ, Py:SINGLE_QUOTED_STRING, Py:COMMA, WHITE_SPACE, Py:IDENTIFIER, Py:EQ, Py:SINGLE_QUOTED_STRING, Py:COMMA, WHITE_SPACE, Py:IDENTIFIER, Py:EQ, Py:INTEGER_LITERAL, WHITE_SPACE, Py:RPAR, WHITE_SPACE, Py:RETURN_KEYWORD, WHITE_SPACE, Py:IDENTIFIER, Py:COMMA, WHITE_SPACE, Py:IDENTIFIER]
(16)
notebook0.py
[WHITE_SPACE]
[WHITE_SPACE]
(17)
notebook33.py
[WHITE_SPACE]
[WHITE_SPACE]
(18)
notebook16.py
[WHITE_SPACE]
[WHITE_SPACE]
(19)
notebook22.py
[WHITE_SPACE]
[WHITE_SPACE]
(20)
SimpleFile2.py
[WHITE_SPACE]
[WHITE_SPACE]
(21)
notebook1.py
[WHITE_SPACE]
[WHITE_SPACE]
(22)
notebook32.py
[WHITE_SPACE]
[WHITE_SPACE]
(23)
notebook26.py
[WHITE_SPACE]
[WHITE_SPACE]
(24)
notebook12.py
[WHITE_SPACE]
[WHITE_SPACE]
(25)
notebook5.py
[WHITE_SPACE]
[WHITE_SPACE]
(26)
notebook36.py
[WHITE_SPACE]
[WHITE_SPACE]
(27)
notebook15.py
[WHITE_SPACE]
[WHITE_SPACE]
(28)
notebook21.py
[WHITE_SPACE]
[WHITE_SPACE]
(29)
notebook2.py
[WHITE_SPACE]
[WHITE_SPACE]
(30)
notebook31.py
[WHITE_SPACE]
[WHITE_SPACE]
(31)
notebook25.py
[WHITE_SPACE]
[WHITE_SPACE]
(32)
notebook11.py
[WHITE_SPACE]
[WHITE_SPACE]
(33)
notebook40.py
[WHITE_SPACE]
[WHITE_SPACE]
(34)
notebook6.py
[WHITE_SPACE]
[WHITE_SPACE]
(35)
notebook35.py
[WHITE_SPACE]
[WHITE_SPACE]
(36)
notebook24.py
[WHITE_SPACE]
[WHITE_SPACE]
(37)
notebook10.py
[WHITE_SPACE]
[WHITE_SPACE]
(38)
SimpleFile4.py
[WHITE_SPACE]
[WHITE_SPACE]
(39)
notebook7.py
[WHITE_SPACE]
[WHITE_SPACE]
(40)
notebook34.py
[WHITE_SPACE]
[WHITE_SPACE]
(41)
notebook14.py
[WHITE_SPACE]
[WHITE_SPACE]
(42)
notebook20.py
[WHITE_SPACE]
[WHITE_SPACE]
(43)
notebook3.py
[WHITE_SPACE]
[WHITE_SPACE]
(44)
notebook30.py
[WHITE_SPACE]
[WHITE_SPACE]
(45)
notebook8.py
[WHITE_SPACE]
[WHITE_SPACE]
(46)
notebook9.py
[WHITE_SPACE]
[WHITE_SPACE]
]]></system-out>
  <system-err><![CDATA[log4j:WARN No appenders could be found for logger (#com.intellij.ide.plugins.PluginManager).
log4j:WARN Please initialize the log4j system properly.
log4j:WARN See http://logging.apache.org/log4j/1.2/faq.html#noconfig for more info.
SLF4J: Class path contains multiple SLF4J bindings.
SLF4J: Found binding in [jar:file:/Users/konstantingrotov/.gradle/caches/modules-2/files-2.1/com.jetbrains.intellij.idea/ideaIC/212.5080.55/fb8e0c8f941235e03802029fb64f458df3d2823c/ideaIC-212.5080.55/lib/slf4j.jar!/org/slf4j/impl/StaticLoggerBinder.class]
SLF4J: Found binding in [jar:file:/Users/konstantingrotov/.gradle/caches/modules-2/files-2.1/com.jetbrains.intellij.idea/ideaIC/212.5080.55/fb8e0c8f941235e03802029fb64f458df3d2823c/ideaIC-212.5080.55/plugins/maven/lib/maven36-server.jar!/org/slf4j/impl/StaticLoggerBinder.class]
SLF4J: Found binding in [jar:file:/Users/konstantingrotov/.gradle/caches/modules-2/files-2.1/org.apache.logging.log4j/log4j-slf4j-impl/2.17.0/1ec25ce0254749c94549ea9c3cea34bd0488c9c6/log4j-slf4j-impl-2.17.0.jar!/org/slf4j/impl/StaticLoggerBinder.class]
SLF4J: See http://www.slf4j.org/codes.html#multiple_bindings for an explanation.
SLF4J: Actual binding is of type [org.slf4j.impl.Log4jLoggerFactory]
]]></system-err>
</testsuite>
